Reading longRun.cfg...
[INFO] : -----------------------Simulation started on 2017-May-16 18:09:51
[INFO] : TIMESTEP= 200
[INFO] : DURATION= 1.61568e+08
Reading Msh file /Users/sylvain/src/nextsim//mesh/small_arctic_10km.msh
GMSH mesh file version : 2.2 format: ascii size of double: 8
[gmshmesh] $PhysicalNames (expect $PhysicalNames)
[gmshmesh] reading topodim: 1 id: 1 name: "coast"
[gmshmesh] reading topodim: 1 id: 2 name: "open"
Reading 75886 nodes
Reading 151882 elements...
Read 4146 Line 2 elements
Read 147736 Triangle 3 elements
MFILE= /Users/sylvain/src/nextsim//data/NpsNextsim.mpp
PROJE= POLARSTEREOGRAPHICELLIPSOID
Reading vertices (75886)
Reading triangles (147736)
Building Geometry
Completing geometry
[INFO] : MESH BINARY: Exporter Filename= /Users/sylvain/experiments/longRun_restart14_diffusivity0/mesh_init.bin
[INFO] : RECORD MESH: Exporter Filename= /Users/sylvain/experiments/longRun_restart14_diffusivity0/mesh_init.dat
[INFO] : BINARY: Exporter Filename= /Users/sylvain/experiments/longRun_restart14_diffusivity0/field_init.bin
[INFO] : RECORD FIELD: Exporter Filename= /Users/sylvain/experiments/longRun_restart14_diffusivity0/field_init.dat
Reading vertices (66017)
Reading triangles (127998)
Building Geometry
Completing geometry
[INFO] : MESH BINARY: Exporter Filename= /Users/sylvain/experiments/longRun_restart14_diffusivity0/mesh_210.bin
[INFO] : RECORD MESH: Exporter Filename= /Users/sylvain/experiments/longRun_restart14_diffusivity0/mesh_210.dat
[INFO] : BINARY: Exporter Filename= /Users/sylvain/experiments/longRun_restart14_diffusivity0/field_210.bin
[INFO] : RECORD FIELD: Exporter Filename= /Users/sylvain/experiments/longRun_restart14_diffusivity0/field_210.dat
size of external data vector = 14
Load cfsr.6h.....nc
GRID : FILENAME = /Users/sylvain/src/nextsim//data/cfsr.6h.201106.nc
0,720,721
GRID : READ NETCDF done
month= 06
year= 2011
value_year= 2011
value_month= 6
F_TIMESTR= 201105
FILENAME= /Users/sylvain/src/nextsim//data/cfsr.6h.201105.nc
month= 06
year= 2011
value_year= 2011
value_month= 6
F_TIMESTR= 201106
FILENAME= /Users/sylvain/src/nextsim//data/cfsr.6h.201106.nc
month= 06
year= 2011
value_year= 2011
value_month= 6
F_TIMESTR= 201107
FILENAME= /Users/sylvain/src/nextsim//data/cfsr.6h.201107.nc
FILENAME= /Users/sylvain/src/nextsim//data/cfsr.6h.201106.nc
FILENAME= /Users/sylvain/src/nextsim//data/cfsr.6h.201106.nc
Done
Interpolate cfsr.6h.....nc
Done
Load cfsr.6h.....nc
GRID : FILENAME = /Users/sylvain/src/nextsim//data/cfsr.6h.201106.nc
0,720,721
GRID : READ NETCDF done
month= 06
year= 2011
value_year= 2011
value_month= 6
F_TIMESTR= 201105
FILENAME= /Users/sylvain/src/nextsim//data/cfsr.6h.201105.nc
month= 06
year= 2011
value_year= 2011
value_month= 6
F_TIMESTR= 201106
FILENAME= /Users/sylvain/src/nextsim//data/cfsr.6h.201106.nc
month= 06
year= 2011
value_year= 2011
value_month= 6
F_TIMESTR= 201107
FILENAME= /Users/sylvain/src/nextsim//data/cfsr.6h.201107.nc
FILENAME= /Users/sylvain/src/nextsim//data/cfsr.6h.201106.nc
FILENAME= /Users/sylvain/src/nextsim//data/cfsr.6h.201106.nc
Done
Interpolate cfsr.6h.....nc
Done
Load TP4DAILY_..._30m.nc
GRID : FILENAME = /Users/sylvain/src/nextsim//data/TP4DAILY_201106_30m.nc
GRID : FILENAME = /Users/sylvain/src/nextsim//data/TP4DAILY_201106_30m.nc
GRID : Triangulate starts
GRID : NUMTRIANGLES= 351877
GRID : Triangulate done
month= 06
year= 2011
value_year= 2011
value_month= 6
F_TIMESTR= 201105
FILENAME= /Users/sylvain/src/nextsim//data/TP4DAILY_201105_30m.nc
month= 06
year= 2011
value_year= 2011
value_month= 6
F_TIMESTR= 201106
FILENAME= /Users/sylvain/src/nextsim//data/TP4DAILY_201106_30m.nc
month= 06
year= 2011
value_year= 2011
value_month= 6
F_TIMESTR= 201107
FILENAME= /Users/sylvain/src/nextsim//data/TP4DAILY_201107_30m.nc
FILENAME= /Users/sylvain/src/nextsim//data/TP4DAILY_201106_30m.nc
FILENAME= /Users/sylvain/src/nextsim//data/TP4DAILY_201106_30m.nc
Done
Interpolate TP4DAILY_..._30m.nc
Reading vertices (176180)
Reading triangles (351877)
Building Geometry
Completing geometry
Done
Load TP4DAILY_..._3m.nc
GRID : FILENAME = /Users/sylvain/src/nextsim//data/TP4DAILY_201106_3m.nc
GRID : FILENAME = /Users/sylvain/src/nextsim//data/TP4DAILY_201106_3m.nc
GRID : Triangulate starts
GRID : NUMTRIANGLES= 211416
GRID : Triangulate done
month= 06
year= 2011
value_year= 2011
value_month= 6
F_TIMESTR= 201105
FILENAME= /Users/sylvain/src/nextsim//data/TP4DAILY_201105_3m.nc
month= 06
year= 2011
value_year= 2011
value_month= 6
F_TIMESTR= 201106
FILENAME= /Users/sylvain/src/nextsim//data/TP4DAILY_201106_3m.nc
month= 06
year= 2011
value_year= 2011
value_month= 6
F_TIMESTR= 201107
FILENAME= /Users/sylvain/src/nextsim//data/TP4DAILY_201107_3m.nc
FILENAME= /Users/sylvain/src/nextsim//data/TP4DAILY_201106_3m.nc
FILENAME= /Users/sylvain/src/nextsim//data/TP4DAILY_201106_3m.nc
Done
Interpolate TP4DAILY_..._3m.nc
Reading vertices (105781)
Reading triangles (211416)
Building Geometry
Completing geometry
Done
Load ETOPO_Arctic_1arcmin.nc...
GRID : FILENAME = /Users/sylvain/src/nextsim//data/ETOPO_Arctic_1arcmin.nc
0,21600,21601
GRID : READ NETCDF done
FILENAME= /Users/sylvain/src/nextsim//data/ETOPO_Arctic_1arcmin.nc
Done
Interpolate ETOPO_Arctic_1arcmin.nc...
Done
Writing log file /Users/sylvain/experiments/longRun_restart14_diffusivity0/nextsim.log...
---------------------- TIME STEP 90720 : 2011-Jun-16 00:00:00 ---------- progression: (11.2299%) ---------- time spent: 00:00:16
size of external data vector = 14
[INFO] : TIMER ASSEMBLY= 1.06306s
[INFO] : TIMER SOLUTION= 0.789769s
---------------------- TIME STEP 90721 : 2011-Jun-16 00:03:20
size of external data vector = 14
[INFO] : TIMER ASSEMBLY= 0.69059s
[INFO] : TIMER SOLUTION= 0.463808s
---------------------- TIME STEP 90722 : 2011-Jun-16 00:06:40
size of external data vector = 14
[INFO] : TIMER ASSEMBLY= 0.657724s
[INFO] : TIMER SOLUTION= 0.435224s
---------------------- TIME STEP 90723 : 2011-Jun-16 00:10:00
size of external data vector = 14
[INFO] : TIMER ASSEMBLY= 0.728664s
[INFO] : TIMER SOLUTION= 0.497155s
---------------------- TIME STEP 90724 : 2011-Jun-16 00:13:20
size of external data vector = 14
[INFO] : TIMER ASSEMBLY= 0.776615s
[INFO] : TIMER SOLUTION= 0.382783s
---------------------- TIME STEP 90725 : 2011-Jun-16 00:16:40
size of external data vector = 14
[INFO] : TIMER ASSEMBLY= 0.793575s
[INFO] : TIMER SOLUTION= 0.478521s
---------------------- TIME STEP 90726 : 2011-Jun-16 00:20:00
size of external data vector = 14
[INFO] : TIMER ASSEMBLY= 0.750367s
[INFO] : TIMER SOLUTION= 0.479205s
---------------------- TIME STEP 90727 : 2011-Jun-16 00:23:20
size of external data vector = 14
[INFO] : TIMER ASSEMBLY= 0.78757s
[INFO] : TIMER SOLUTION= 0.464093s
---------------------- TIME STEP 90728 : 2011-Jun-16 00:26:40
size of external data vector = 14
[INFO] : TIMER ASSEMBLY= 0.92305s
[INFO] : TIMER SOLUTION= 0.455908s
---------------------- TIME STEP 90729 : 2011-Jun-16 00:30:00
size of external data vector = 14
[INFO] : TIMER ASSEMBLY= 0.876172s
[INFO] : TIMER SOLUTION= 0.419279s
---------------------- TIME STEP 90730 : 2011-Jun-16 00:33:20
size of external data vector = 14
[INFO] : TIMER ASSEMBLY= 1.04205s
[INFO] : TIMER SOLUTION= 0.688058s
---------------------- TIME STEP 90731 : 2011-Jun-16 00:36:40
size of external data vector = 14
[INFO] : TIMER ASSEMBLY= 0.933519s
[INFO] : TIMER SOLUTION= 0.475431s
---------------------- TIME STEP 90732 : 2011-Jun-16 00:40:00
size of external data vector = 14
[INFO] : TIMER ASSEMBLY= 0.938844s
[INFO] : TIMER SOLUTION= 0.423001s
---------------------- TIME STEP 90733 : 2011-Jun-16 00:43:20
size of external data vector = 14
[INFO] : TIMER ASSEMBLY= 0.983147s
[INFO] : TIMER SOLUTION= 0.374357s
---------------------- TIME STEP 90734 : 2011-Jun-16 00:46:40
size of external data vector = 14
[INFO] : TIMER ASSEMBLY= 0.989641s
[INFO] : TIMER SOLUTION= 0.478571s
---------------------- TIME STEP 90735 : 2011-Jun-16 00:50:00
size of external data vector = 14
[INFO] : TIMER ASSEMBLY= 1.0065s
[INFO] : TIMER SOLUTION= 0.477778s
---------------------- TIME STEP 90736 : 2011-Jun-16 00:53:20
size of external data vector = 14
[INFO] : TIMER ASSEMBLY= 0.996259s
[INFO] : TIMER SOLUTION= 0.41361s
---------------------- TIME STEP 90737 : 2011-Jun-16 00:56:40
size of external data vector = 14
[INFO] : TIMER ASSEMBLY= 0.901298s
[INFO] : TIMER SOLUTION= 0.393321s
---------------------- TIME STEP 90738 : 2011-Jun-16 01:00:00
size of external data vector = 14
[INFO] : TIMER ASSEMBLY= 0.927343s
[INFO] : TIMER SOLUTION= 0.381239s
---------------------- TIME STEP 90739 : 2011-Jun-16 01:03:20
size of external data vector = 14
[INFO] : TIMER ASSEMBLY= 0.885351s
[INFO] : TIMER SOLUTION= 0.419224s
---------------------- TIME STEP 90740 : 2011-Jun-16 01:06:40 ---------- progression: (11.2324%) ---------- time spent: 00:01:03
size of external data vector = 14
[INFO] : TIMER ASSEMBLY= 1.02724s
[INFO] : TIMER SOLUTION= 0.329616s
---------------------- TIME STEP 90741 : 2011-Jun-16 01:10:00
size of external data vector = 14
[INFO] : TIMER ASSEMBLY= 1.02732s
[INFO] : TIMER SOLUTION= 0.330867s
---------------------- TIME STEP 90742 : 2011-Jun-16 01:13:20
size of external data vector = 14
[INFO] : TIMER ASSEMBLY= 0.987327s
[INFO] : TIMER SOLUTION= 0.352404s
---------------------- TIME STEP 90743 : 2011-Jun-16 01:16:40
size of external data vector = 14
[INFO] : TIMER ASSEMBLY= 0.981667s
[INFO] : TIMER SOLUTION= 0.322474s
---------------------- TIME STEP 90744 : 2011-Jun-16 01:20:00
size of external data vector = 14
[INFO] : TIMER ASSEMBLY= 0.948622s
[INFO] : TIMER SOLUTION= 0.311462s
---------------------- TIME STEP 90745 : 2011-Jun-16 01:23:20
size of external data vector = 14
[INFO] : TIMER ASSEMBLY= 0.96472s
[INFO] : TIMER SOLUTION= 0.290955s
---------------------- TIME STEP 90746 : 2011-Jun-16 01:26:40
size of external data vector = 14
[INFO] : TIMER ASSEMBLY= 1.03908s
[INFO] : TIMER SOLUTION= 0.284685s
---------------------- TIME STEP 90747 : 2011-Jun-16 01:30:00
size of external data vector = 14
[INFO] : TIMER ASSEMBLY= 0.914751s
[INFO] : TIMER SOLUTION= 0.300209s
---------------------- TIME STEP 90748 : 2011-Jun-16 01:33:20
size of external data vector = 14
[INFO] : TIMER ASSEMBLY= 0.856431s
[INFO] : TIMER SOLUTION= 0.352803s
---------------------- TIME STEP 90749 : 2011-Jun-16 01:36:40
size of external data vector = 14
[INFO] : TIMER ASSEMBLY= 0.663927s
[INFO] : TIMER SOLUTION= 0.482506s
---------------------- TIME STEP 90750 : 2011-Jun-16 01:40:00
size of external data vector = 14
[INFO] : TIMER ASSEMBLY= 0.732559s
[INFO] : TIMER SOLUTION= 0.409242s
---------------------- TIME STEP 90751 : 2011-Jun-16 01:43:20
size of external data vector = 14
[INFO] : TIMER ASSEMBLY= 0.892078s
[INFO] : TIMER SOLUTION= 0.494413s
---------------------- TIME STEP 90752 : 2011-Jun-16 01:46:40
size of external data vector = 14
[INFO] : TIMER ASSEMBLY= 0.965741s
[INFO] : TIMER SOLUTION= 0.494323s
---------------------- TIME STEP 90753 : 2011-Jun-16 01:50:00
size of external data vector = 14
[INFO] : TIMER ASSEMBLY= 0.875704s
[INFO] : TIMER SOLUTION= 0.470454s
---------------------- TIME STEP 90754 : 2011-Jun-16 01:53:20
size of external data vector = 14
[INFO] : TIMER ASSEMBLY= 0.83738s
[INFO] : TIMER SOLUTION= 0.42288s
---------------------- TIME STEP 90755 : 2011-Jun-16 01:56:40
size of external data vector = 14
[INFO] : TIMER ASSEMBLY= 0.9744s
[INFO] : TIMER SOLUTION= 0.389833s
---------------------- TIME STEP 90756 : 2011-Jun-16 02:00:00
size of external data vector = 14
[INFO] : TIMER ASSEMBLY= 0.631777s
[INFO] : TIMER SOLUTION= 0.331003s
---------------------- TIME STEP 90757 : 2011-Jun-16 02:03:20
size of external data vector = 14
[INFO] : TIMER ASSEMBLY= 0.829397s
[INFO] : TIMER SOLUTION= 0.319707s
---------------------- TIME STEP 90758 : 2011-Jun-16 02:06:40
size of external data vector = 14
[INFO] : TIMER ASSEMBLY= 0.630146s
[INFO] : TIMER SOLUTION= 0.405932s
---------------------- TIME STEP 90759 : 2011-Jun-16 02:10:00
size of external data vector = 14
[INFO] : TIMER ASSEMBLY= 0.564458s
[INFO] : TIMER SOLUTION= 0.361391s
---------------------- TIME STEP 90760 : 2011-Jun-16 02:13:20 ---------- progression: (11.2349%) ---------- time spent: 00:01:47
size of external data vector = 14
[INFO] : TIMER ASSEMBLY= 0.639674s
[INFO] : TIMER SOLUTION= 0.311883s
---------------------- TIME STEP 90761 : 2011-Jun-16 02:16:40
size of external data vector = 14
[INFO] : TIMER ASSEMBLY= 0.615754s
[INFO] : TIMER SOLUTION= 0.333131s
---------------------- TIME STEP 90762 : 2011-Jun-16 02:20:00
size of external data vector = 14
[INFO] : TIMER ASSEMBLY= 0.56176s
[INFO] : TIMER SOLUTION= 0.54482s
---------------------- TIME STEP 90763 : 2011-Jun-16 02:23:20
size of external data vector = 14
[INFO] : TIMER ASSEMBLY= 0.74496s
[INFO] : TIMER SOLUTION= 0.358708s
---------------------- TIME STEP 90764 : 2011-Jun-16 02:26:40
size of external data vector = 14
[INFO] : TIMER ASSEMBLY= 0.655325s
CHOLMOD warning: matrix not positive definite
[0]PETSC ERROR: --------------------- Error Message --------------------------------------------------------------
[0]PETSC ERROR: Zero pivot in Cholesky factorization: http://www.mcs.anl.gov/petsc/documentation/faq.html#zeropivot
[0]PETSC ERROR: CHOLMOD detected that the matrix is not positive definite, failure at column 0
[0]PETSC ERROR: See http://www.mcs.anl.gov/petsc/documentation/faq.html for trouble shooting.
[0]PETSC ERROR: Petsc Release Version 3.6.4, Apr, 12, 2016 
[0]PETSC ERROR: bin/nextsim.exec on a arch-darwin-c-opt named seoul.ad.nersc.no by sylvain Tue May 16 18:09:51 2017
[0]PETSC ERROR: Configure options -with-python --with-cxx=mpicxx --with-cc=mpicc --with-fc=mpif90 --with-mpiexec=mpiexec --with-debugging=0 --with-c-support=1 --with-c++-support=1 --with-shared-libraries=1 --with-blacs --download-blacs=yes --with-parmetis=1 --download-parmetis=yes --with-scalapack=1 --download-scalapack=yes --with-mumps=1 --download-mumps=yes --with-suitesparse=1 --download-suitesparse=yes --with-c2html=0 --with-metis=1 --download-metis=yes --prefix=/opt/local/petsc
[0]PETSC ERROR: #1 MatCholeskyFactorNumeric_CHOLMOD() line 328 in /Users/rampal/neXtSIM/petsc-3.6.4/src/mat/impls/sbaij/seq/cholmod/sbaijcholmod.c
[0]PETSC ERROR: #2 MatCholeskyFactorNumeric() line 3128 in /Users/rampal/neXtSIM/petsc-3.6.4/src/mat/interface/matrix.c
[0]PETSC ERROR: #3 PCSetUp_Cholesky() line 148 in /Users/rampal/neXtSIM/petsc-3.6.4/src/ksp/pc/impls/factor/cholesky/cholesky.c
[0]PETSC ERROR: #4 PCSetUp() line 983 in /Users/rampal/neXtSIM/petsc-3.6.4/src/ksp/pc/interface/precon.c
[0]PETSC ERROR: #5 KSPSetUp() line 332 in /Users/rampal/neXtSIM/petsc-3.6.4/src/ksp/ksp/interface/itfunc.c
[0]PETSC ERROR: #6 KSPSolve() line 547 in /Users/rampal/neXtSIM/petsc-3.6.4/src/ksp/ksp/interface/itfunc.c
[0]PETSC ERROR: #7 solveLinearSystem() line 137 in solverpetsc.cpp
--------------------------------------------------------------------------
MPI_ABORT was invoked on rank 0 in communicator MPI_COMM_WORLD 
with errorcode 81.

NOTE: invoking MPI_ABORT causes Open MPI to kill all MPI processes.
You may or may not see output from other processes, depending on
exactly when Open MPI kills them.
--------------------------------------------------------------------------
