Reading longRun.cfg...
[INFO] : -----------------------Simulation started on 2017-May-16 17:05:23
[INFO] : TIMESTEP= 200
[INFO] : DURATION= 1.61568e+08
Reading Msh file /Users/sylvain/src/nextsim//mesh/small_arctic_10km.msh
GMSH mesh file version : 2.2 format: ascii size of double: 8
[gmshmesh] $PhysicalNames (expect $PhysicalNames)
[gmshmesh] reading topodim: 1 id: 1 name: "coast"
[gmshmesh] reading topodim: 1 id: 2 name: "open"
Reading 75886 nodes
Reading 151882 elements...
Read 4146 Line 2 elements
Read 147736 Triangle 3 elements
MFILE= /Users/sylvain/src/nextsim//data/NpsNextsim.mpp
PROJE= POLARSTEREOGRAPHICELLIPSOID
Reading vertices (75886)
Reading triangles (147736)
Building Geometry
Completing geometry
[INFO] : MESH BINARY: Exporter Filename= /Users/sylvain/experiments/longRun_restart14_diffusivity0/mesh_init.bin
[INFO] : RECORD MESH: Exporter Filename= /Users/sylvain/experiments/longRun_restart14_diffusivity0/mesh_init.dat
[INFO] : BINARY: Exporter Filename= /Users/sylvain/experiments/longRun_restart14_diffusivity0/field_init.bin
[INFO] : RECORD FIELD: Exporter Filename= /Users/sylvain/experiments/longRun_restart14_diffusivity0/field_init.dat
Reading vertices (66017)
Reading triangles (127998)
Building Geometry
Completing geometry
[INFO] : MESH BINARY: Exporter Filename= /Users/sylvain/experiments/longRun_restart14_diffusivity0/mesh_210.bin
[INFO] : RECORD MESH: Exporter Filename= /Users/sylvain/experiments/longRun_restart14_diffusivity0/mesh_210.dat
[INFO] : BINARY: Exporter Filename= /Users/sylvain/experiments/longRun_restart14_diffusivity0/field_210.bin
[INFO] : RECORD FIELD: Exporter Filename= /Users/sylvain/experiments/longRun_restart14_diffusivity0/field_210.dat
size of external data vector = 14
Load cfsr.6h.....nc
GRID : FILENAME = /Users/sylvain/src/nextsim//data/cfsr.6h.201106.nc
0,720,721
GRID : READ NETCDF done
month= 06
year= 2011
value_year= 2011
value_month= 6
F_TIMESTR= 201105
FILENAME= /Users/sylvain/src/nextsim//data/cfsr.6h.201105.nc
month= 06
year= 2011
value_year= 2011
value_month= 6
F_TIMESTR= 201106
FILENAME= /Users/sylvain/src/nextsim//data/cfsr.6h.201106.nc
month= 06
year= 2011
value_year= 2011
value_month= 6
F_TIMESTR= 201107
FILENAME= /Users/sylvain/src/nextsim//data/cfsr.6h.201107.nc
FILENAME= /Users/sylvain/src/nextsim//data/cfsr.6h.201106.nc
FILENAME= /Users/sylvain/src/nextsim//data/cfsr.6h.201106.nc
Done
Interpolate cfsr.6h.....nc
Done
Load cfsr.6h.....nc
GRID : FILENAME = /Users/sylvain/src/nextsim//data/cfsr.6h.201106.nc
0,720,721
GRID : READ NETCDF done
month= 06
year= 2011
value_year= 2011
value_month= 6
F_TIMESTR= 201105
FILENAME= /Users/sylvain/src/nextsim//data/cfsr.6h.201105.nc
month= 06
year= 2011
value_year= 2011
value_month= 6
F_TIMESTR= 201106
FILENAME= /Users/sylvain/src/nextsim//data/cfsr.6h.201106.nc
month= 06
year= 2011
value_year= 2011
value_month= 6
F_TIMESTR= 201107
FILENAME= /Users/sylvain/src/nextsim//data/cfsr.6h.201107.nc
FILENAME= /Users/sylvain/src/nextsim//data/cfsr.6h.201106.nc
FILENAME= /Users/sylvain/src/nextsim//data/cfsr.6h.201106.nc
Done
Interpolate cfsr.6h.....nc
Done
Load TP4DAILY_..._30m.nc
GRID : FILENAME = /Users/sylvain/src/nextsim//data/TP4DAILY_201106_30m.nc
GRID : FILENAME = /Users/sylvain/src/nextsim//data/TP4DAILY_201106_30m.nc
GRID : Triangulate starts
GRID : NUMTRIANGLES= 351877
GRID : Triangulate done
month= 06
year= 2011
value_year= 2011
value_month= 6
F_TIMESTR= 201105
FILENAME= /Users/sylvain/src/nextsim//data/TP4DAILY_201105_30m.nc
month= 06
year= 2011
value_year= 2011
value_month= 6
F_TIMESTR= 201106
FILENAME= /Users/sylvain/src/nextsim//data/TP4DAILY_201106_30m.nc
month= 06
year= 2011
value_year= 2011
value_month= 6
F_TIMESTR= 201107
FILENAME= /Users/sylvain/src/nextsim//data/TP4DAILY_201107_30m.nc
FILENAME= /Users/sylvain/src/nextsim//data/TP4DAILY_201106_30m.nc
FILENAME= /Users/sylvain/src/nextsim//data/TP4DAILY_201106_30m.nc
Done
Interpolate TP4DAILY_..._30m.nc
Reading vertices (176180)
Reading triangles (351877)
Building Geometry
Completing geometry
Done
Load TP4DAILY_..._3m.nc
GRID : FILENAME = /Users/sylvain/src/nextsim//data/TP4DAILY_201106_3m.nc
GRID : FILENAME = /Users/sylvain/src/nextsim//data/TP4DAILY_201106_3m.nc
GRID : Triangulate starts
GRID : NUMTRIANGLES= 211416
GRID : Triangulate done
month= 06
year= 2011
value_year= 2011
value_month= 6
F_TIMESTR= 201105
FILENAME= /Users/sylvain/src/nextsim//data/TP4DAILY_201105_3m.nc
month= 06
year= 2011
value_year= 2011
value_month= 6
F_TIMESTR= 201106
FILENAME= /Users/sylvain/src/nextsim//data/TP4DAILY_201106_3m.nc
month= 06
year= 2011
value_year= 2011
value_month= 6
F_TIMESTR= 201107
FILENAME= /Users/sylvain/src/nextsim//data/TP4DAILY_201107_3m.nc
FILENAME= /Users/sylvain/src/nextsim//data/TP4DAILY_201106_3m.nc
FILENAME= /Users/sylvain/src/nextsim//data/TP4DAILY_201106_3m.nc
Done
Interpolate TP4DAILY_..._3m.nc
Reading vertices (105781)
Reading triangles (211416)
Building Geometry
Completing geometry
Done
Load ETOPO_Arctic_1arcmin.nc...
GRID : FILENAME = /Users/sylvain/src/nextsim//data/ETOPO_Arctic_1arcmin.nc
0,21600,21601
GRID : READ NETCDF done
FILENAME= /Users/sylvain/src/nextsim//data/ETOPO_Arctic_1arcmin.nc
Done
Interpolate ETOPO_Arctic_1arcmin.nc...
Done
Writing log file /Users/sylvain/experiments/longRun_restart14_diffusivity0/nextsim.log...
---------------------- TIME STEP 90720 : 2011-Jun-16 00:00:00 ---------- progression: (11.2299%) ---------- time spent: 00:00:14
size of external data vector = 14
[INFO] : TIMER ASSEMBLY= 0.748583s
[INFO] : TIMER SOLUTION= 0.99768s
---------------------- TIME STEP 90721 : 2011-Jun-16 00:03:20
size of external data vector = 14
[INFO] : TIMER ASSEMBLY= 0.769025s
[INFO] : TIMER SOLUTION= 0.302117s
---------------------- TIME STEP 90722 : 2011-Jun-16 00:06:40
size of external data vector = 14
[INFO] : TIMER ASSEMBLY= 0.801017s
[INFO] : TIMER SOLUTION= 0.333146s
---------------------- TIME STEP 90723 : 2011-Jun-16 00:10:00
size of external data vector = 14
[INFO] : TIMER ASSEMBLY= 0.762088s
[INFO] : TIMER SOLUTION= 0.891601s
---------------------- TIME STEP 90724 : 2011-Jun-16 00:13:20
size of external data vector = 14
[INFO] : TIMER ASSEMBLY= 0.538113s
[INFO] : TIMER SOLUTION= 0.520212s
---------------------- TIME STEP 90725 : 2011-Jun-16 00:16:40
size of external data vector = 14
[INFO] : TIMER ASSEMBLY= 0.588765s
CHOLMOD warning: matrix not positive definite
[0]PETSC ERROR: --------------------- Error Message --------------------------------------------------------------
[0]PETSC ERROR: Zero pivot in Cholesky factorization: http://www.mcs.anl.gov/petsc/documentation/faq.html#zeropivot
[0]PETSC ERROR: CHOLMOD detected that the matrix is not positive definite, failure at column 0
[0]PETSC ERROR: See http://www.mcs.anl.gov/petsc/documentation/faq.html for trouble shooting.
[0]PETSC ERROR: Petsc Release Version 3.6.4, Apr, 12, 2016 
[0]PETSC ERROR: bin/nextsim.exec on a arch-darwin-c-opt named seoul.ad.nersc.no by sylvain Tue May 16 17:05:23 2017
[0]PETSC ERROR: Configure options -with-python --with-cxx=mpicxx --with-cc=mpicc --with-fc=mpif90 --with-mpiexec=mpiexec --with-debugging=0 --with-c-support=1 --with-c++-support=1 --with-shared-libraries=1 --with-blacs --download-blacs=yes --with-parmetis=1 --download-parmetis=yes --with-scalapack=1 --download-scalapack=yes --with-mumps=1 --download-mumps=yes --with-suitesparse=1 --download-suitesparse=yes --with-c2html=0 --with-metis=1 --download-metis=yes --prefix=/opt/local/petsc
[0]PETSC ERROR: #1 MatCholeskyFactorNumeric_CHOLMOD() line 328 in /Users/rampal/neXtSIM/petsc-3.6.4/src/mat/impls/sbaij/seq/cholmod/sbaijcholmod.c
[0]PETSC ERROR: #2 MatCholeskyFactorNumeric() line 3128 in /Users/rampal/neXtSIM/petsc-3.6.4/src/mat/interface/matrix.c
[0]PETSC ERROR: #3 PCSetUp_Cholesky() line 148 in /Users/rampal/neXtSIM/petsc-3.6.4/src/ksp/pc/impls/factor/cholesky/cholesky.c
[0]PETSC ERROR: #4 PCSetUp() line 983 in /Users/rampal/neXtSIM/petsc-3.6.4/src/ksp/pc/interface/precon.c
[0]PETSC ERROR: #5 KSPSetUp() line 332 in /Users/rampal/neXtSIM/petsc-3.6.4/src/ksp/ksp/interface/itfunc.c
[0]PETSC ERROR: #6 KSPSolve() line 547 in /Users/rampal/neXtSIM/petsc-3.6.4/src/ksp/ksp/interface/itfunc.c
[0]PETSC ERROR: #7 solveLinearSystem() line 137 in solverpetsc.cpp
--------------------------------------------------------------------------
MPI_ABORT was invoked on rank 0 in communicator MPI_COMM_WORLD 
with errorcode 81.

NOTE: invoking MPI_ABORT causes Open MPI to kill all MPI processes.
You may or may not see output from other processes, depending on
exactly when Open MPI kills them.
--------------------------------------------------------------------------
Reading longRun.cfg...
[INFO] : -----------------------Simulation started on 2017-May-16 17:12:22
[INFO] : TIMESTEP= 200
[INFO] : DURATION= 1.61568e+08
Reading Msh file /Users/sylvain/src/nextsim//mesh/small_arctic_10km.msh
GMSH mesh file version : 2.2 format: ascii size of double: 8
[gmshmesh] $PhysicalNames (expect $PhysicalNames)
[gmshmesh] reading topodim: 1 id: 1 name: "coast"
[gmshmesh] reading topodim: 1 id: 2 name: "open"
Reading 75886 nodes
Reading 151882 elements...
Read 4146 Line 2 elements
Read 147736 Triangle 3 elements
MFILE= /Users/sylvain/src/nextsim//data/NpsNextsim.mpp
PROJE= POLARSTEREOGRAPHICELLIPSOID
Reading vertices (75886)
Reading triangles (147736)
Building Geometry
Completing geometry
[INFO] : MESH BINARY: Exporter Filename= /Users/sylvain/experiments/longRun_restart14_diffusivity0/mesh_init.bin
[INFO] : RECORD MESH: Exporter Filename= /Users/sylvain/experiments/longRun_restart14_diffusivity0/mesh_init.dat
[INFO] : BINARY: Exporter Filename= /Users/sylvain/experiments/longRun_restart14_diffusivity0/field_init.bin
[INFO] : RECORD FIELD: Exporter Filename= /Users/sylvain/experiments/longRun_restart14_diffusivity0/field_init.dat
Reading vertices (66017)
Reading triangles (127998)
Building Geometry
Completing geometry
[INFO] : MESH BINARY: Exporter Filename= /Users/sylvain/experiments/longRun_restart14_diffusivity0/mesh_210.bin
[INFO] : RECORD MESH: Exporter Filename= /Users/sylvain/experiments/longRun_restart14_diffusivity0/mesh_210.dat
[INFO] : BINARY: Exporter Filename= /Users/sylvain/experiments/longRun_restart14_diffusivity0/field_210.bin
[INFO] : RECORD FIELD: Exporter Filename= /Users/sylvain/experiments/longRun_restart14_diffusivity0/field_210.dat
size of external data vector = 14
Load cfsr.6h.....nc
GRID : FILENAME = /Users/sylvain/src/nextsim//data/cfsr.6h.201106.nc
0,720,721
GRID : READ NETCDF done
month= 06
year= 2011
value_year= 2011
value_month= 6
F_TIMESTR= 201105
FILENAME= /Users/sylvain/src/nextsim//data/cfsr.6h.201105.nc
month= 06
year= 2011
value_year= 2011
value_month= 6
F_TIMESTR= 201106
FILENAME= /Users/sylvain/src/nextsim//data/cfsr.6h.201106.nc
month= 06
year= 2011
value_year= 2011
value_month= 6
F_TIMESTR= 201107
FILENAME= /Users/sylvain/src/nextsim//data/cfsr.6h.201107.nc
FILENAME= /Users/sylvain/src/nextsim//data/cfsr.6h.201106.nc
FILENAME= /Users/sylvain/src/nextsim//data/cfsr.6h.201106.nc
Done
Interpolate cfsr.6h.....nc
Done
Load cfsr.6h.....nc
GRID : FILENAME = /Users/sylvain/src/nextsim//data/cfsr.6h.201106.nc
0,720,721
GRID : READ NETCDF done
month= 06
year= 2011
value_year= 2011
value_month= 6
F_TIMESTR= 201105
FILENAME= /Users/sylvain/src/nextsim//data/cfsr.6h.201105.nc
month= 06
year= 2011
value_year= 2011
value_month= 6
F_TIMESTR= 201106
FILENAME= /Users/sylvain/src/nextsim//data/cfsr.6h.201106.nc
month= 06
year= 2011
value_year= 2011
value_month= 6
F_TIMESTR= 201107
FILENAME= /Users/sylvain/src/nextsim//data/cfsr.6h.201107.nc
FILENAME= /Users/sylvain/src/nextsim//data/cfsr.6h.201106.nc
FILENAME= /Users/sylvain/src/nextsim//data/cfsr.6h.201106.nc
Done
Interpolate cfsr.6h.....nc
Done
Load TP4DAILY_..._30m.nc
GRID : FILENAME = /Users/sylvain/src/nextsim//data/TP4DAILY_201106_30m.nc
GRID : FILENAME = /Users/sylvain/src/nextsim//data/TP4DAILY_201106_30m.nc
GRID : Triangulate starts
GRID : NUMTRIANGLES= 351877
GRID : Triangulate done
month= 06
year= 2011
value_year= 2011
value_month= 6
F_TIMESTR= 201105
FILENAME= /Users/sylvain/src/nextsim//data/TP4DAILY_201105_30m.nc
month= 06
year= 2011
value_year= 2011
value_month= 6
F_TIMESTR= 201106
FILENAME= /Users/sylvain/src/nextsim//data/TP4DAILY_201106_30m.nc
month= 06
year= 2011
value_year= 2011
value_month= 6
F_TIMESTR= 201107
FILENAME= /Users/sylvain/src/nextsim//data/TP4DAILY_201107_30m.nc
FILENAME= /Users/sylvain/src/nextsim//data/TP4DAILY_201106_30m.nc
FILENAME= /Users/sylvain/src/nextsim//data/TP4DAILY_201106_30m.nc
Done
Interpolate TP4DAILY_..._30m.nc
Reading vertices (176180)
Reading triangles (351877)
Building Geometry
Completing geometry
Done
Load TP4DAILY_..._3m.nc
GRID : FILENAME = /Users/sylvain/src/nextsim//data/TP4DAILY_201106_3m.nc
GRID : FILENAME = /Users/sylvain/src/nextsim//data/TP4DAILY_201106_3m.nc
GRID : Triangulate starts
GRID : NUMTRIANGLES= 211416
GRID : Triangulate done
month= 06
year= 2011
value_year= 2011
value_month= 6
F_TIMESTR= 201105
FILENAME= /Users/sylvain/src/nextsim//data/TP4DAILY_201105_3m.nc
month= 06
year= 2011
value_year= 2011
value_month= 6
F_TIMESTR= 201106
FILENAME= /Users/sylvain/src/nextsim//data/TP4DAILY_201106_3m.nc
month= 06
year= 2011
value_year= 2011
value_month= 6
F_TIMESTR= 201107
FILENAME= /Users/sylvain/src/nextsim//data/TP4DAILY_201107_3m.nc
FILENAME= /Users/sylvain/src/nextsim//data/TP4DAILY_201106_3m.nc
FILENAME= /Users/sylvain/src/nextsim//data/TP4DAILY_201106_3m.nc
Done
Interpolate TP4DAILY_..._3m.nc
Reading vertices (105781)
Reading triangles (211416)
Building Geometry
Completing geometry
Done
Load ETOPO_Arctic_1arcmin.nc...
GRID : FILENAME = /Users/sylvain/src/nextsim//data/ETOPO_Arctic_1arcmin.nc
0,21600,21601
GRID : READ NETCDF done
FILENAME= /Users/sylvain/src/nextsim//data/ETOPO_Arctic_1arcmin.nc
Done
Interpolate ETOPO_Arctic_1arcmin.nc...
Done
Writing log file /Users/sylvain/experiments/longRun_restart14_diffusivity0/nextsim.log...
---------------------- TIME STEP 90720 : 2011-Jun-16 00:00:00 ---------- progression: (11.2299%) ---------- time spent: 00:00:13
size of external data vector = 14
[INFO] : TIMER ASSEMBLY= 0.616418s
[INFO] : TIMER SOLUTION= 0.748726s
---------------------- TIME STEP 90721 : 2011-Jun-16 00:03:20
size of external data vector = 14
[INFO] : TIMER ASSEMBLY= 0.853936s
[INFO] : TIMER SOLUTION= 0.319397s
---------------------- TIME STEP 90722 : 2011-Jun-16 00:06:40
size of external data vector = 14
[INFO] : TIMER ASSEMBLY= 0.817568s
[INFO] : TIMER SOLUTION= 0.258135s
---------------------- TIME STEP 90723 : 2011-Jun-16 00:10:00
size of external data vector = 14
[INFO] : TIMER ASSEMBLY= 0.94681s
[INFO] : TIMER SOLUTION= 0.280616s
---------------------- TIME STEP 90724 : 2011-Jun-16 00:13:20
size of external data vector = 14
[INFO] : TIMER ASSEMBLY= 0.805731s
[INFO] : TIMER SOLUTION= 0.285387s
---------------------- TIME STEP 90725 : 2011-Jun-16 00:16:40
size of external data vector = 14
[INFO] : TIMER ASSEMBLY= 0.771116s
[INFO] : TIMER SOLUTION= 0.314037s
---------------------- TIME STEP 90726 : 2011-Jun-16 00:20:00
size of external data vector = 14
[INFO] : TIMER ASSEMBLY= 0.759423s
[INFO] : TIMER SOLUTION= 0.285597s
---------------------- TIME STEP 90727 : 2011-Jun-16 00:23:20
size of external data vector = 14
[INFO] : TIMER ASSEMBLY= 0.795458s
[INFO] : TIMER SOLUTION= 0.264519s
---------------------- TIME STEP 90728 : 2011-Jun-16 00:26:40
size of external data vector = 14
[INFO] : TIMER ASSEMBLY= 0.775037s
[INFO] : TIMER SOLUTION= 0.22683s
---------------------- TIME STEP 90729 : 2011-Jun-16 00:30:00
size of external data vector = 14
[INFO] : TIMER ASSEMBLY= 0.78302s
[INFO] : TIMER SOLUTION= 0.220973s
---------------------- TIME STEP 90730 : 2011-Jun-16 00:33:20
size of external data vector = 14
[INFO] : TIMER ASSEMBLY= 0.774634s
[INFO] : TIMER SOLUTION= 0.225168s
---------------------- TIME STEP 90731 : 2011-Jun-16 00:36:40
size of external data vector = 14
[INFO] : TIMER ASSEMBLY= 0.779694s
[INFO] : TIMER SOLUTION= 0.226122s
---------------------- TIME STEP 90732 : 2011-Jun-16 00:40:00
size of external data vector = 14
[INFO] : TIMER ASSEMBLY= 0.827824s
[INFO] : TIMER SOLUTION= 0.241081s
---------------------- TIME STEP 90733 : 2011-Jun-16 00:43:20
size of external data vector = 14
[INFO] : TIMER ASSEMBLY= 0.732181s
[INFO] : TIMER SOLUTION= 0.26167s
---------------------- TIME STEP 90734 : 2011-Jun-16 00:46:40
size of external data vector = 14
[INFO] : TIMER ASSEMBLY= 0.646051s
[INFO] : TIMER SOLUTION= 0.335338s
---------------------- TIME STEP 90735 : 2011-Jun-16 00:50:00
size of external data vector = 14
[INFO] : TIMER ASSEMBLY= 0.538718s
[INFO] : TIMER SOLUTION= 0.441568s
---------------------- TIME STEP 90736 : 2011-Jun-16 00:53:20
size of external data vector = 14
[INFO] : TIMER ASSEMBLY= 0.609153s
[INFO] : TIMER SOLUTION= 0.427292s
---------------------- TIME STEP 90737 : 2011-Jun-16 00:56:40
size of external data vector = 14
[INFO] : TIMER ASSEMBLY= 0.67315s
[INFO] : TIMER SOLUTION= 0.420383s
---------------------- TIME STEP 90738 : 2011-Jun-16 01:00:00
size of external data vector = 14
[INFO] : TIMER ASSEMBLY= 0.716669s
[INFO] : TIMER SOLUTION= 0.330123s
---------------------- TIME STEP 90739 : 2011-Jun-16 01:03:20
size of external data vector = 14
[INFO] : TIMER ASSEMBLY= 0.734549s
[INFO] : TIMER SOLUTION= 0.339541s
---------------------- TIME STEP 90740 : 2011-Jun-16 01:06:40 ---------- progression: (11.2324%) ---------- time spent: 00:00:50
size of external data vector = 14
[INFO] : TIMER ASSEMBLY= 0.814284s
[INFO] : TIMER SOLUTION= 0.262332s
---------------------- TIME STEP 90741 : 2011-Jun-16 01:10:00
size of external data vector = 14
[INFO] : TIMER ASSEMBLY= 0.776392s
[INFO] : TIMER SOLUTION= 0.284703s
---------------------- TIME STEP 90742 : 2011-Jun-16 01:13:20
size of external data vector = 14
[INFO] : TIMER ASSEMBLY= 0.761774s
[INFO] : TIMER SOLUTION= 0.308227s
---------------------- TIME STEP 90743 : 2011-Jun-16 01:16:40
size of external data vector = 14
[INFO] : TIMER ASSEMBLY= 0.670802s
[INFO] : TIMER SOLUTION= 0.36181s
---------------------- TIME STEP 90744 : 2011-Jun-16 01:20:00
size of external data vector = 14
[INFO] : TIMER ASSEMBLY= 0.742526s
[INFO] : TIMER SOLUTION= 0.322235s
---------------------- TIME STEP 90745 : 2011-Jun-16 01:23:20
size of external data vector = 14
[INFO] : TIMER ASSEMBLY= 0.782602s
[INFO] : TIMER SOLUTION= 0.278354s
---------------------- TIME STEP 90746 : 2011-Jun-16 01:26:40
size of external data vector = 14
[INFO] : TIMER ASSEMBLY= 0.786688s
[INFO] : TIMER SOLUTION= 0.256677s
---------------------- TIME STEP 90747 : 2011-Jun-16 01:30:00
size of external data vector = 14
[INFO] : TIMER ASSEMBLY= 0.773406s
[INFO] : TIMER SOLUTION= 0.292121s
---------------------- TIME STEP 90748 : 2011-Jun-16 01:33:20
size of external data vector = 14
[INFO] : TIMER ASSEMBLY= 0.844881s
[INFO] : TIMER SOLUTION= 0.251577s
---------------------- TIME STEP 90749 : 2011-Jun-16 01:36:40
size of external data vector = 14
[INFO] : TIMER ASSEMBLY= 0.813042s
[INFO] : TIMER SOLUTION= 0.262871s
---------------------- TIME STEP 90750 : 2011-Jun-16 01:40:00
size of external data vector = 14
[INFO] : TIMER ASSEMBLY= 0.833026s
[INFO] : TIMER SOLUTION= 0.324646s
---------------------- TIME STEP 90751 : 2011-Jun-16 01:43:20
size of external data vector = 14
[INFO] : TIMER ASSEMBLY= 0.830393s
[INFO] : TIMER SOLUTION= 0.34184s
---------------------- TIME STEP 90752 : 2011-Jun-16 01:46:40
size of external data vector = 14
[INFO] : TIMER ASSEMBLY= 0.842889s
[INFO] : TIMER SOLUTION= 0.331601s
---------------------- TIME STEP 90753 : 2011-Jun-16 01:50:00
size of external data vector = 14
[INFO] : TIMER ASSEMBLY= 0.810315s
[INFO] : TIMER SOLUTION= 0.325032s
---------------------- TIME STEP 90754 : 2011-Jun-16 01:53:20
size of external data vector = 14
[INFO] : TIMER ASSEMBLY= 0.909824s
[INFO] : TIMER SOLUTION= 0.307861s
---------------------- TIME STEP 90755 : 2011-Jun-16 01:56:40
size of external data vector = 14
[INFO] : TIMER ASSEMBLY= 0.910253s
[INFO] : TIMER SOLUTION= 0.322883s
---------------------- TIME STEP 90756 : 2011-Jun-16 02:00:00
size of external data vector = 14
[INFO] : TIMER ASSEMBLY= 0.615856s
[INFO] : TIMER SOLUTION= 0.500386s
---------------------- TIME STEP 90757 : 2011-Jun-16 02:03:20
size of external data vector = 14
[INFO] : TIMER ASSEMBLY= 1.03429s
[INFO] : TIMER SOLUTION= 0.474156s
---------------------- TIME STEP 90758 : 2011-Jun-16 02:06:40
size of external data vector = 14
[INFO] : TIMER ASSEMBLY= 1.14791s
[INFO] : TIMER SOLUTION= 0.593507s
---------------------- TIME STEP 90759 : 2011-Jun-16 02:10:00
size of external data vector = 14
[INFO] : TIMER ASSEMBLY= 1.08005s
[INFO] : TIMER SOLUTION= 0.574493s
---------------------- TIME STEP 90760 : 2011-Jun-16 02:13:20 ---------- progression: (11.2349%) ---------- time spent: 00:01:28
size of external data vector = 14
[INFO] : TIMER ASSEMBLY= 1.14573s
[INFO] : TIMER SOLUTION= 0.671311s
---------------------- TIME STEP 90761 : 2011-Jun-16 02:16:40
size of external data vector = 14
[INFO] : TIMER ASSEMBLY= 1.21133s
[INFO] : TIMER SOLUTION= 0.538038s
---------------------- TIME STEP 90762 : 2011-Jun-16 02:20:00
size of external data vector = 14
[INFO] : TIMER ASSEMBLY= 1.32386s
[INFO] : TIMER SOLUTION= 0.529921s
---------------------- TIME STEP 90763 : 2011-Jun-16 02:23:20
size of external data vector = 14
[INFO] : TIMER ASSEMBLY= 1.31248s
[INFO] : TIMER SOLUTION= 0.452691s
---------------------- TIME STEP 90764 : 2011-Jun-16 02:26:40
size of external data vector = 14
[INFO] : TIMER ASSEMBLY= 1.30935s
[INFO] : TIMER SOLUTION= 0.557127s
---------------------- TIME STEP 90765 : 2011-Jun-16 02:30:00
size of external data vector = 14
[INFO] : TIMER ASSEMBLY= 1.308s
[INFO] : TIMER SOLUTION= 0.475223s
---------------------- TIME STEP 90766 : 2011-Jun-16 02:33:20
size of external data vector = 14
[INFO] : TIMER ASSEMBLY= 1.26571s
[INFO] : TIMER SOLUTION= 0.522818s
---------------------- TIME STEP 90767 : 2011-Jun-16 02:36:40
size of external data vector = 14
[INFO] : TIMER ASSEMBLY= 1.31185s
[INFO] : TIMER SOLUTION= 0.505329s
---------------------- TIME STEP 90768 : 2011-Jun-16 02:40:00
size of external data vector = 14
[INFO] : TIMER ASSEMBLY= 1.37601s
[INFO] : TIMER SOLUTION= 0.531874s
---------------------- TIME STEP 90769 : 2011-Jun-16 02:43:20
size of external data vector = 14
[INFO] : TIMER ASSEMBLY= 1.65909s
[INFO] : TIMER SOLUTION= 0.57333s
---------------------- TIME STEP 90770 : 2011-Jun-16 02:46:40
size of external data vector = 14
[INFO] : TIMER ASSEMBLY= 1.36572s
[INFO] : TIMER SOLUTION= 0.442612s
---------------------- TIME STEP 90771 : 2011-Jun-16 02:50:00
size of external data vector = 14
[INFO] : TIMER ASSEMBLY= 1.32642s
[INFO] : TIMER SOLUTION= 0.427878s
---------------------- TIME STEP 90772 : 2011-Jun-16 02:53:20
size of external data vector = 14
[INFO] : TIMER ASSEMBLY= 1.22493s
[INFO] : TIMER SOLUTION= 0.461645s
---------------------- TIME STEP 90773 : 2011-Jun-16 02:56:40
size of external data vector = 14
[INFO] : TIMER ASSEMBLY= 1.08328s
[INFO] : TIMER SOLUTION= 0.589421s
---------------------- TIME STEP 90774 : 2011-Jun-16 03:00:00
size of external data vector = 14
Load cfsr.6h.....nc
month= 06
year= 2011
value_year= 2011
value_month= 6
F_TIMESTR= 201105
FILENAME= /Users/sylvain/src/nextsim//data/cfsr.6h.201105.nc
month= 06
year= 2011
value_year= 2011
value_month= 6
F_TIMESTR= 201106
FILENAME= /Users/sylvain/src/nextsim//data/cfsr.6h.201106.nc
month= 06
year= 2011
value_year= 2011
value_month= 6
F_TIMESTR= 201107
FILENAME= /Users/sylvain/src/nextsim//data/cfsr.6h.201107.nc
FILENAME= /Users/sylvain/src/nextsim//data/cfsr.6h.201106.nc
FILENAME= /Users/sylvain/src/nextsim//data/cfsr.6h.201106.nc
Done
Interpolate cfsr.6h.....nc
Done
Load cfsr.6h.....nc
month= 06
year= 2011
value_year= 2011
value_month= 6
F_TIMESTR= 201105
FILENAME= /Users/sylvain/src/nextsim//data/cfsr.6h.201105.nc
month= 06
year= 2011
value_year= 2011
value_month= 6
F_TIMESTR= 201106
FILENAME= /Users/sylvain/src/nextsim//data/cfsr.6h.201106.nc
month= 06
year= 2011
value_year= 2011
value_month= 6
F_TIMESTR= 201107
FILENAME= /Users/sylvain/src/nextsim//data/cfsr.6h.201107.nc
FILENAME= /Users/sylvain/src/nextsim//data/cfsr.6h.201106.nc
FILENAME= /Users/sylvain/src/nextsim//data/cfsr.6h.201106.nc
Done
Interpolate cfsr.6h.....nc
Done
[INFO] : TIMER ASSEMBLY= 1.1073s
[INFO] : TIMER SOLUTION= 0.70105s
---------------------- TIME STEP 90775 : 2011-Jun-16 03:03:20
size of external data vector = 14
[INFO] : TIMER ASSEMBLY= 1.28783s
[INFO] : TIMER SOLUTION= 0.657865s
---------------------- TIME STEP 90776 : 2011-Jun-16 03:06:40
size of external data vector = 14
[INFO] : TIMER ASSEMBLY= 1.20726s
[INFO] : TIMER SOLUTION= 0.555551s
---------------------- TIME STEP 90777 : 2011-Jun-16 03:10:00
size of external data vector = 14
[INFO] : TIMER ASSEMBLY= 1.54498s
[INFO] : TIMER SOLUTION= 0.591307s
---------------------- TIME STEP 90778 : 2011-Jun-16 03:13:20
size of external data vector = 14
[INFO] : TIMER ASSEMBLY= 1.34915s
[INFO] : TIMER SOLUTION= 0.605906s
---------------------- TIME STEP 90779 : 2011-Jun-16 03:16:40
size of external data vector = 14
[INFO] : TIMER ASSEMBLY= 1.45827s
[INFO] : TIMER SOLUTION= 0.443298s
---------------------- TIME STEP 90780 : 2011-Jun-16 03:20:00 ---------- progression: (11.2374%) ---------- time spent: 00:02:31
size of external data vector = 14
[INFO] : TIMER ASSEMBLY= 1.3351s
[INFO] : TIMER SOLUTION= 0.423263s
---------------------- TIME STEP 90781 : 2011-Jun-16 03:23:20
size of external data vector = 14
[INFO] : TIMER ASSEMBLY= 1.35486s
[INFO] : TIMER SOLUTION= 0.435996s
---------------------- TIME STEP 90782 : 2011-Jun-16 03:26:40
size of external data vector = 14
[INFO] : TIMER ASSEMBLY= 1.38568s
[INFO] : TIMER SOLUTION= 0.40891s
---------------------- TIME STEP 90783 : 2011-Jun-16 03:30:00
size of external data vector = 14
[INFO] : TIMER ASSEMBLY= 1.18749s
[INFO] : TIMER SOLUTION= 0.488868s
---------------------- TIME STEP 90784 : 2011-Jun-16 03:33:20
size of external data vector = 14
[INFO] : TIMER ASSEMBLY= 1.08602s
[INFO] : TIMER SOLUTION= 0.637921s
---------------------- TIME STEP 90785 : 2011-Jun-16 03:36:40
size of external data vector = 14
[INFO] : TIMER ASSEMBLY= 0.907051s
[INFO] : TIMER SOLUTION= 0.643682s
---------------------- TIME STEP 90786 : 2011-Jun-16 03:40:00
size of external data vector = 14
[INFO] : TIMER ASSEMBLY= 1.03532s
[INFO] : TIMER SOLUTION= 0.780276s
---------------------- TIME STEP 90787 : 2011-Jun-16 03:43:20
size of external data vector = 14
[INFO] : TIMER ASSEMBLY= 1.06062s
[INFO] : TIMER SOLUTION= 0.398938s
---------------------- TIME STEP 90788 : 2011-Jun-16 03:46:40
size of external data vector = 14
[INFO] : TIMER ASSEMBLY= 0.806595s
[INFO] : TIMER SOLUTION= 0.378095s
---------------------- TIME STEP 90789 : 2011-Jun-16 03:50:00
size of external data vector = 14
[INFO] : TIMER ASSEMBLY= 0.753498s
[INFO] : TIMER SOLUTION= 0.37074s
---------------------- TIME STEP 90790 : 2011-Jun-16 03:53:20
size of external data vector = 14
[INFO] : TIMER ASSEMBLY= 0.779273s
[INFO] : TIMER SOLUTION= 0.381014s
---------------------- TIME STEP 90791 : 2011-Jun-16 03:56:40
size of external data vector = 14
[INFO] : TIMER ASSEMBLY= 0.970694s
[INFO] : TIMER SOLUTION= 0.465681s
---------------------- TIME STEP 90792 : 2011-Jun-16 04:00:00
size of external data vector = 14
[INFO] : TIMER ASSEMBLY= 0.810406s
[INFO] : TIMER SOLUTION= 0.398659s
---------------------- TIME STEP 90793 : 2011-Jun-16 04:03:20
size of external data vector = 14
[INFO] : TIMER ASSEMBLY= 1.32401s
[INFO] : TIMER SOLUTION= 0.544396s
---------------------- TIME STEP 90794 : 2011-Jun-16 04:06:40
size of external data vector = 14
[INFO] : TIMER ASSEMBLY= 1.01301s
[INFO] : TIMER SOLUTION= 0.691314s
---------------------- TIME STEP 90795 : 2011-Jun-16 04:10:00
size of external data vector = 14
[INFO] : TIMER ASSEMBLY= 1.03851s
[INFO] : TIMER SOLUTION= 0.71167s
---------------------- TIME STEP 90796 : 2011-Jun-16 04:13:20
size of external data vector = 14
[INFO] : TIMER ASSEMBLY= 1.21521s
[INFO] : TIMER SOLUTION= 0.600244s
---------------------- TIME STEP 90797 : 2011-Jun-16 04:16:40
size of external data vector = 14
[INFO] : TIMER ASSEMBLY= 1.36625s
[INFO] : TIMER SOLUTION= 0.606448s
---------------------- TIME STEP 90798 : 2011-Jun-16 04:20:00
size of external data vector = 14
[INFO] : TIMER ASSEMBLY= 1.26696s
[INFO] : TIMER SOLUTION= 0.672005s
---------------------- TIME STEP 90799 : 2011-Jun-16 04:23:20
size of external data vector = 14
[INFO] : TIMER ASSEMBLY= 1.24081s
[INFO] : TIMER SOLUTION= 0.554818s
---------------------- TIME STEP 90800 : 2011-Jun-16 04:26:40 ---------- progression: (11.2398%) ---------- time spent: 00:03:29
size of external data vector = 14
[INFO] : TIMER ASSEMBLY= 1.26618s
[INFO] : TIMER SOLUTION= 0.623013s
---------------------- TIME STEP 90801 : 2011-Jun-16 04:30:00
size of external data vector = 14
[INFO] : TIMER ASSEMBLY= 1.19942s
[INFO] : TIMER SOLUTION= 0.559809s
---------------------- TIME STEP 90802 : 2011-Jun-16 04:33:20
size of external data vector = 14
[INFO] : TIMER ASSEMBLY= 1.33524s
[INFO] : TIMER SOLUTION= 0.515564s
---------------------- TIME STEP 90803 : 2011-Jun-16 04:36:40
size of external data vector = 14
[INFO] : TIMER ASSEMBLY= 1.31768s
[INFO] : TIMER SOLUTION= 0.475044s
---------------------- TIME STEP 90804 : 2011-Jun-16 04:40:00
size of external data vector = 14
[INFO] : TIMER ASSEMBLY= 1.29418s
[INFO] : TIMER SOLUTION= 0.448061s
---------------------- TIME STEP 90805 : 2011-Jun-16 04:43:20
size of external data vector = 14
[INFO] : TIMER ASSEMBLY= 1.30508s
[INFO] : TIMER SOLUTION= 0.478917s
---------------------- TIME STEP 90806 : 2011-Jun-16 04:46:40
size of external data vector = 14
[INFO] : TIMER ASSEMBLY= 1.27777s
[INFO] : TIMER SOLUTION= 0.469607s
---------------------- TIME STEP 90807 : 2011-Jun-16 04:50:00
size of external data vector = 14
[INFO] : TIMER ASSEMBLY= 1.38749s
[INFO] : TIMER SOLUTION= 0.488202s
---------------------- TIME STEP 90808 : 2011-Jun-16 04:53:20
size of external data vector = 14
[INFO] : TIMER ASSEMBLY= 1.45596s
[INFO] : TIMER SOLUTION= 0.493985s
---------------------- TIME STEP 90809 : 2011-Jun-16 04:56:40
size of external data vector = 14
[INFO] : TIMER ASSEMBLY= 1.31389s
[INFO] : TIMER SOLUTION= 0.481505s
---------------------- TIME STEP 90810 : 2011-Jun-16 05:00:00
size of external data vector = 14
[INFO] : TIMER ASSEMBLY= 1.31699s
[INFO] : TIMER SOLUTION= 0.494061s
---------------------- TIME STEP 90811 : 2011-Jun-16 05:03:20
size of external data vector = 14
[INFO] : TIMER ASSEMBLY= 1.19685s
[INFO] : TIMER SOLUTION= 0.52113s
---------------------- TIME STEP 90812 : 2011-Jun-16 05:06:40
size of external data vector = 14
[INFO] : TIMER ASSEMBLY= 1.50249s
[INFO] : TIMER SOLUTION= 0.455611s
---------------------- TIME STEP 90813 : 2011-Jun-16 05:10:00
size of external data vector = 14
[INFO] : TIMER ASSEMBLY= 1.289s
[INFO] : TIMER SOLUTION= 0.42256s
---------------------- TIME STEP 90814 : 2011-Jun-16 05:13:20
size of external data vector = 14
[INFO] : TIMER ASSEMBLY= 1.24929s
[INFO] : TIMER SOLUTION= 0.42813s
---------------------- TIME STEP 90815 : 2011-Jun-16 05:16:40
size of external data vector = 14
[INFO] : TIMER ASSEMBLY= 1.19278s
[INFO] : TIMER SOLUTION= 0.444095s
---------------------- TIME STEP 90816 : 2011-Jun-16 05:20:00
size of external data vector = 14
[INFO] : TIMER ASSEMBLY= 1.2009s
[INFO] : TIMER SOLUTION= 0.486212s
---------------------- TIME STEP 90817 : 2011-Jun-16 05:23:20
size of external data vector = 14
[INFO] : TIMER ASSEMBLY= 1.03219s
[INFO] : TIMER SOLUTION= 0.669134s
---------------------- TIME STEP 90818 : 2011-Jun-16 05:26:40
size of external data vector = 14
[INFO] : TIMER ASSEMBLY= 0.918109s
[INFO] : TIMER SOLUTION= 0.647179s
---------------------- TIME STEP 90819 : 2011-Jun-16 05:30:00
size of external data vector = 14
[INFO] : TIMER ASSEMBLY= 1.01723s
[INFO] : TIMER SOLUTION= 0.741167s
---------------------- TIME STEP 90820 : 2011-Jun-16 05:33:20 ---------- progression: (11.2423%) ---------- time spent: 00:04:31
size of external data vector = 14
[INFO] : TIMER ASSEMBLY= 1.21505s
[INFO] : TIMER SOLUTION= 0.643127s
---------------------- TIME STEP 90821 : 2011-Jun-16 05:36:40
size of external data vector = 14
[INFO] : TIMER ASSEMBLY= 1.36332s
[INFO] : TIMER SOLUTION= 0.583105s
---------------------- TIME STEP 90822 : 2011-Jun-16 05:40:00
size of external data vector = 14
[INFO] : TIMER ASSEMBLY= 1.25081s
[INFO] : TIMER SOLUTION= 0.548837s
---------------------- TIME STEP 90823 : 2011-Jun-16 05:43:20
size of external data vector = 14
[INFO] : TIMER ASSEMBLY= 1.24207s
[INFO] : TIMER SOLUTION= 0.498999s
---------------------- TIME STEP 90824 : 2011-Jun-16 05:46:40
size of external data vector = 14
[INFO] : TIMER ASSEMBLY= 1.20201s
[INFO] : TIMER SOLUTION= 0.539257s
---------------------- TIME STEP 90825 : 2011-Jun-16 05:50:00
size of external data vector = 14
[INFO] : TIMER ASSEMBLY= 1.26507s
[INFO] : TIMER SOLUTION= 0.532737s
---------------------- TIME STEP 90826 : 2011-Jun-16 05:53:20
size of external data vector = 14
[INFO] : TIMER ASSEMBLY= 1.22599s
[INFO] : TIMER SOLUTION= 0.532117s
---------------------- TIME STEP 90827 : 2011-Jun-16 05:56:40
size of external data vector = 14
[INFO] : TIMER ASSEMBLY= 1.31028s
[INFO] : TIMER SOLUTION= 0.473452s
---------------------- TIME STEP 90828 : 2011-Jun-16 06:00:00
size of external data vector = 14
Load cfsr.6h.....nc
month= 06
year= 2011
value_year= 2011
value_month= 6
F_TIMESTR= 201105
FILENAME= /Users/sylvain/src/nextsim//data/cfsr.6h.201105.nc
month= 06
year= 2011
value_year= 2011
value_month= 6
F_TIMESTR= 201106
FILENAME= /Users/sylvain/src/nextsim//data/cfsr.6h.201106.nc
month= 06
year= 2011
value_year= 2011
value_month= 6
F_TIMESTR= 201107
FILENAME= /Users/sylvain/src/nextsim//data/cfsr.6h.201107.nc
FILENAME= /Users/sylvain/src/nextsim//data/cfsr.6h.201106.nc
FILENAME= /Users/sylvain/src/nextsim//data/cfsr.6h.201106.nc
Done
Interpolate cfsr.6h.....nc
Done
Load cfsr.6h.....nc
month= 06
year= 2011
value_year= 2011
value_month= 6
F_TIMESTR= 201105
FILENAME= /Users/sylvain/src/nextsim//data/cfsr.6h.201105.nc
month= 06
year= 2011
value_year= 2011
value_month= 6
F_TIMESTR= 201106
FILENAME= /Users/sylvain/src/nextsim//data/cfsr.6h.201106.nc
month= 06
year= 2011
value_year= 2011
value_month= 6
F_TIMESTR= 201107
FILENAME= /Users/sylvain/src/nextsim//data/cfsr.6h.201107.nc
FILENAME= /Users/sylvain/src/nextsim//data/cfsr.6h.201106.nc
FILENAME= /Users/sylvain/src/nextsim//data/cfsr.6h.201106.nc
Done
Interpolate cfsr.6h.....nc
Done
[INFO] : TIMER ASSEMBLY= 1.07966s
[INFO] : TIMER SOLUTION= 0.607067s
---------------------- TIME STEP 90829 : 2011-Jun-16 06:03:20
size of external data vector = 14
[INFO] : TIMER ASSEMBLY= 0.983495s
[INFO] : TIMER SOLUTION= 0.662863s
---------------------- TIME STEP 90830 : 2011-Jun-16 06:06:40
size of external data vector = 14
[INFO] : TIMER ASSEMBLY= 1.03708s
[INFO] : TIMER SOLUTION= 0.655247s
---------------------- TIME STEP 90831 : 2011-Jun-16 06:10:00
size of external data vector = 14
[INFO] : TIMER ASSEMBLY= 1.18123s
[INFO] : TIMER SOLUTION= 0.548552s
---------------------- TIME STEP 90832 : 2011-Jun-16 06:13:20
size of external data vector = 14
[INFO] : TIMER ASSEMBLY= 1.1515s
[INFO] : TIMER SOLUTION= 0.569763s
---------------------- TIME STEP 90833 : 2011-Jun-16 06:16:40
size of external data vector = 14
[INFO] : TIMER ASSEMBLY= 1.21163s
[INFO] : TIMER SOLUTION= 0.630348s
---------------------- TIME STEP 90834 : 2011-Jun-16 06:20:00
size of external data vector = 14
[INFO] : TIMER ASSEMBLY= 1.16125s
[INFO] : TIMER SOLUTION= 0.585404s
---------------------- TIME STEP 90835 : 2011-Jun-16 06:23:20
size of external data vector = 14
[INFO] : TIMER ASSEMBLY= 1.21487s
[INFO] : TIMER SOLUTION= 0.563393s
---------------------- TIME STEP 90836 : 2011-Jun-16 06:26:40
size of external data vector = 14
[INFO] : TIMER ASSEMBLY= 1.25177s
[INFO] : TIMER SOLUTION= 0.538629s
---------------------- TIME STEP 90837 : 2011-Jun-16 06:30:00
size of external data vector = 14
[INFO] : TIMER ASSEMBLY= 1.17354s
[INFO] : TIMER SOLUTION= 0.568582s
---------------------- TIME STEP 90838 : 2011-Jun-16 06:33:20
size of external data vector = 14
[INFO] : TIMER ASSEMBLY= 1.25174s
[INFO] : TIMER SOLUTION= 0.60277s
---------------------- TIME STEP 90839 : 2011-Jun-16 06:36:40
size of external data vector = 14
[INFO] : TIMER ASSEMBLY= 1.28613s
[INFO] : TIMER SOLUTION= 0.402928s
---------------------- TIME STEP 90840 : 2011-Jun-16 06:40:00 ---------- progression: (11.2448%) ---------- time spent: 00:05:30
size of external data vector = 14
[INFO] : TIMER ASSEMBLY= 1.22261s
[INFO] : TIMER SOLUTION= 0.435183s
---------------------- TIME STEP 90841 : 2011-Jun-16 06:43:20
size of external data vector = 14
[INFO] : TIMER ASSEMBLY= 1.23639s
[INFO] : TIMER SOLUTION= 0.457455s
---------------------- TIME STEP 90842 : 2011-Jun-16 06:46:40
size of external data vector = 14
[INFO] : TIMER ASSEMBLY= 1.22018s
[INFO] : TIMER SOLUTION= 0.435278s
---------------------- TIME STEP 90843 : 2011-Jun-16 06:50:00
size of external data vector = 14
[INFO] : TIMER ASSEMBLY= 1.29918s
[INFO] : TIMER SOLUTION= 0.466972s
---------------------- TIME STEP 90844 : 2011-Jun-16 06:53:20
size of external data vector = 14
[INFO] : TIMER ASSEMBLY= 1.30634s
[INFO] : TIMER SOLUTION= 0.443087s
---------------------- TIME STEP 90845 : 2011-Jun-16 06:56:40
size of external data vector = 14
[INFO] : TIMER ASSEMBLY= 1.34712s
[INFO] : TIMER SOLUTION= 0.442432s
---------------------- TIME STEP 90846 : 2011-Jun-16 07:00:00
size of external data vector = 14
[INFO] : TIMER ASSEMBLY= 1.60063s
[INFO] : TIMER SOLUTION= 0.547302s
---------------------- TIME STEP 90847 : 2011-Jun-16 07:03:20
size of external data vector = 14
[INFO] : TIMER ASSEMBLY= 1.40054s
[INFO] : TIMER SOLUTION= 0.516798s
---------------------- TIME STEP 90848 : 2011-Jun-16 07:06:40
size of external data vector = 14
[INFO] : TIMER ASSEMBLY= 1.60554s
[INFO] : TIMER SOLUTION= 0.557649s
---------------------- TIME STEP 90849 : 2011-Jun-16 07:10:00
size of external data vector = 14
[INFO] : TIMER ASSEMBLY= 1.536s
[INFO] : TIMER SOLUTION= 0.733013s
---------------------- TIME STEP 90850 : 2011-Jun-16 07:13:20
size of external data vector = 14
[INFO] : TIMER ASSEMBLY= 1.31539s
[INFO] : TIMER SOLUTION= 0.375259s
---------------------- TIME STEP 90851 : 2011-Jun-16 07:16:40
size of external data vector = 14
[INFO] : TIMER ASSEMBLY= 1.32405s
[INFO] : TIMER SOLUTION= 0.388693s
---------------------- TIME STEP 90852 : 2011-Jun-16 07:20:00
size of external data vector = 14
[INFO] : TIMER ASSEMBLY= 1.27176s
[INFO] : TIMER SOLUTION= 0.433284s
---------------------- TIME STEP 90853 : 2011-Jun-16 07:23:20
size of external data vector = 14
[INFO] : TIMER ASSEMBLY= 1.43428s
[INFO] : TIMER SOLUTION= 0.779235s
---------------------- TIME STEP 90854 : 2011-Jun-16 07:26:40
size of external data vector = 14
[INFO] : TIMER ASSEMBLY= 1.05156s
[INFO] : TIMER SOLUTION= 0.610759s
---------------------- TIME STEP 90855 : 2011-Jun-16 07:30:00
size of external data vector = 14
[INFO] : TIMER ASSEMBLY= 1.2398s
[INFO] : TIMER SOLUTION= 0.641643s
---------------------- TIME STEP 90856 : 2011-Jun-16 07:33:20
size of external data vector = 14
[INFO] : TIMER ASSEMBLY= 0.952709s
[INFO] : TIMER SOLUTION= 0.679245s
---------------------- TIME STEP 90857 : 2011-Jun-16 07:36:40
size of external data vector = 14
[INFO] : TIMER ASSEMBLY= 1.09334s
[INFO] : TIMER SOLUTION= 0.684453s
---------------------- TIME STEP 90858 : 2011-Jun-16 07:40:00
size of external data vector = 14
[INFO] : TIMER ASSEMBLY= 1.10596s
[INFO] : TIMER SOLUTION= 0.619874s
---------------------- TIME STEP 90859 : 2011-Jun-16 07:43:20
size of external data vector = 14
[INFO] : TIMER ASSEMBLY= 1.35642s
[INFO] : TIMER SOLUTION= 0.703355s
---------------------- TIME STEP 90860 : 2011-Jun-16 07:46:40 ---------- progression: (11.2473%) ---------- time spent: 00:06:33
size of external data vector = 14
[INFO] : TIMER ASSEMBLY= 1.41036s
[INFO] : TIMER SOLUTION= 0.730987s
---------------------- TIME STEP 90861 : 2011-Jun-16 07:50:00
size of external data vector = 14
[INFO] : TIMER ASSEMBLY= 1.32029s
[INFO] : TIMER SOLUTION= 0.55605s
---------------------- TIME STEP 90862 : 2011-Jun-16 07:53:20
size of external data vector = 14
[INFO] : TIMER ASSEMBLY= 1.11746s
[INFO] : TIMER SOLUTION= 0.584566s
---------------------- TIME STEP 90863 : 2011-Jun-16 07:56:40
size of external data vector = 14
[INFO] : TIMER ASSEMBLY= 0.855748s
[INFO] : TIMER SOLUTION= 0.378992s
---------------------- TIME STEP 90864 : 2011-Jun-16 08:00:00
size of external data vector = 14
[INFO] : TIMER ASSEMBLY= 0.703918s
[INFO] : TIMER SOLUTION= 0.394077s
---------------------- TIME STEP 90865 : 2011-Jun-16 08:03:20
size of external data vector = 14
[INFO] : TIMER ASSEMBLY= 0.862514s
[INFO] : TIMER SOLUTION= 0.453692s
---------------------- TIME STEP 90866 : 2011-Jun-16 08:06:40
size of external data vector = 14
[INFO] : TIMER ASSEMBLY= 0.820607s
[INFO] : TIMER SOLUTION= 0.41124s
---------------------- TIME STEP 90867 : 2011-Jun-16 08:10:00
size of external data vector = 14
[INFO] : TIMER ASSEMBLY= 1.19106s
[INFO] : TIMER SOLUTION= 0.421735s
---------------------- TIME STEP 90868 : 2011-Jun-16 08:13:20
size of external data vector = 14
[INFO] : TIMER ASSEMBLY= 0.857173s
[INFO] : TIMER SOLUTION= 0.503421s
---------------------- TIME STEP 90869 : 2011-Jun-16 08:16:40
size of external data vector = 14
[INFO] : TIMER ASSEMBLY= 0.811433s
[INFO] : TIMER SOLUTION= 0.429769s
---------------------- TIME STEP 90870 : 2011-Jun-16 08:20:00
size of external data vector = 14
[INFO] : TIMER ASSEMBLY= 0.793708s
[INFO] : TIMER SOLUTION= 0.36777s
---------------------- TIME STEP 90871 : 2011-Jun-16 08:23:20
size of external data vector = 14
[INFO] : TIMER ASSEMBLY= 0.730842s
[INFO] : TIMER SOLUTION= 0.350882s
---------------------- TIME STEP 90872 : 2011-Jun-16 08:26:40
size of external data vector = 14
[INFO] : TIMER ASSEMBLY= 1.29682s
[INFO] : TIMER SOLUTION= 0.529359s
---------------------- TIME STEP 90873 : 2011-Jun-16 08:30:00
size of external data vector = 14
[INFO] : TIMER ASSEMBLY= 0.965317s
[INFO] : TIMER SOLUTION= 0.565221s
---------------------- TIME STEP 90874 : 2011-Jun-16 08:33:20
size of external data vector = 14
[INFO] : TIMER ASSEMBLY= 1.00586s
[INFO] : TIMER SOLUTION= 0.608539s
---------------------- TIME STEP 90875 : 2011-Jun-16 08:36:40
size of external data vector = 14
[INFO] : TIMER ASSEMBLY= 1.12661s
[INFO] : TIMER SOLUTION= 0.520798s
---------------------- TIME STEP 90876 : 2011-Jun-16 08:40:00
size of external data vector = 14
[INFO] : TIMER ASSEMBLY= 1.1649s
[INFO] : TIMER SOLUTION= 0.589574s
---------------------- TIME STEP 90877 : 2011-Jun-16 08:43:20
size of external data vector = 14
[INFO] : TIMER ASSEMBLY= 1.19677s
[INFO] : TIMER SOLUTION= 0.559591s
---------------------- TIME STEP 90878 : 2011-Jun-16 08:46:40
[INFO] : AdaptMesh starts
Anisotropic mesh adaptation
   Processing initial mesh and geometry...
      processing Vertices
      processing Edges
      processing MaxCornerAngle
      processing RequiredVertices
      processing SubDomains
      processing Vertices
      processing Triangles
      processing VerticesOnGeomVertex
      processing Edges
      processing EdgesOnGeomEdge
      processing SubDomains
   Generating initial Metric...
   Generating Mesh...

      -- current number of vertices = 4146
      Creating initial Constrained Delaunay Triangulation...
         Inserting boundary points
         Forcing boundaries
         Extracting subdomains
      Inserting internal points
         Inserting initial mesh points
WARNING: One or more points of the initial mesh fall outside of the geometric boundary
         Big loop
      -- current number of vertices = 66036
   new number of triangles = 128036
   Write Mesh...
      writing Vertices
      writing Edges
      writing element edges
      writing IssmSegments
      writing Triangles
      writing SubDomains
      writing SubDomainsFromGeom
      writing VerticesOnGeomVertex
      writing VerticesOnGeomEdge
      writing EdgesOnGeomEdge
      writing Element connectivity
      writing Nodal element connectivity
      writing Nodal connectivity
   Write Geometry...
      writing Vertices
      writing Edges
      writing 0 RequiredEdges
      writing 4146 RequiredVertices
      writing SubDomains
      writing TangentAtEdges
   Write Metric...
   Exiting Bamg.
[INFO] : AdaptMesh done in 2.96826s
Reading vertices (66017)
Reading triangles (127998)
Building Geometry
Completing geometry
size of external data vector = 14
Interpolate cfsr.6h.....nc
Done
Interpolate cfsr.6h.....nc
Done
Interpolate TP4DAILY_..._30m.nc
Reading vertices (176180)
Reading triangles (351877)
Building Geometry
Completing geometry
Done
Interpolate TP4DAILY_..._3m.nc
Reading vertices (105781)
Reading triangles (211416)
Building Geometry
Completing geometry
Done
Interpolate ETOPO_Arctic_1arcmin.nc...
Done
[INFO] : TIMER ASSEMBLY= 1.07743s
[INFO] : TIMER SOLUTION= 1.52205s
---------------------- TIME STEP 90879 : 2011-Jun-16 08:50:00
size of external data vector = 14
[INFO] : TIMER ASSEMBLY= 1.26847s
[INFO] : TIMER SOLUTION= 0.565714s
---------------------- TIME STEP 90880 : 2011-Jun-16 08:53:20 ---------- progression: (11.2498%) ---------- time spent: 00:07:35
size of external data vector = 14
[INFO] : TIMER ASSEMBLY= 1.2079s
[INFO] : TIMER SOLUTION= 0.477278s
---------------------- TIME STEP 90881 : 2011-Jun-16 08:56:40
size of external data vector = 14
[INFO] : TIMER ASSEMBLY= 1.14405s
[INFO] : TIMER SOLUTION= 0.511251s
---------------------- TIME STEP 90882 : 2011-Jun-16 09:00:00
size of external data vector = 14
Load cfsr.6h.....nc
month= 06
year= 2011
value_year= 2011
value_month= 6
F_TIMESTR= 201105
FILENAME= /Users/sylvain/src/nextsim//data/cfsr.6h.201105.nc
month= 06
year= 2011
value_year= 2011
value_month= 6
F_TIMESTR= 201106
FILENAME= /Users/sylvain/src/nextsim//data/cfsr.6h.201106.nc
month= 06
year= 2011
value_year= 2011
value_month= 6
F_TIMESTR= 201107
FILENAME= /Users/sylvain/src/nextsim//data/cfsr.6h.201107.nc
FILENAME= /Users/sylvain/src/nextsim//data/cfsr.6h.201106.nc
FILENAME= /Users/sylvain/src/nextsim//data/cfsr.6h.201106.nc
Done
Interpolate cfsr.6h.....nc
Done
Load cfsr.6h.....nc
month= 06
year= 2011
value_year= 2011
value_month= 6
F_TIMESTR= 201105
FILENAME= /Users/sylvain/src/nextsim//data/cfsr.6h.201105.nc
month= 06
year= 2011
value_year= 2011
value_month= 6
F_TIMESTR= 201106
FILENAME= /Users/sylvain/src/nextsim//data/cfsr.6h.201106.nc
month= 06
year= 2011
value_year= 2011
value_month= 6
F_TIMESTR= 201107
FILENAME= /Users/sylvain/src/nextsim//data/cfsr.6h.201107.nc
FILENAME= /Users/sylvain/src/nextsim//data/cfsr.6h.201106.nc
FILENAME= /Users/sylvain/src/nextsim//data/cfsr.6h.201106.nc
Done
Interpolate cfsr.6h.....nc
Done
[INFO] : TIMER ASSEMBLY= 1.08564s
[INFO] : TIMER SOLUTION= 0.409997s
---------------------- TIME STEP 90883 : 2011-Jun-16 09:03:20
size of external data vector = 14
[INFO] : TIMER ASSEMBLY= 1.0944s
[INFO] : TIMER SOLUTION= 0.546699s
---------------------- TIME STEP 90884 : 2011-Jun-16 09:06:40
size of external data vector = 14
[INFO] : TIMER ASSEMBLY= 1.00976s
[INFO] : TIMER SOLUTION= 0.57724s
---------------------- TIME STEP 90885 : 2011-Jun-16 09:10:00
size of external data vector = 14
[INFO] : TIMER ASSEMBLY= 0.975158s
[INFO] : TIMER SOLUTION= 0.634382s
---------------------- TIME STEP 90886 : 2011-Jun-16 09:13:20
size of external data vector = 14
[INFO] : TIMER ASSEMBLY= 1.43363s
[INFO] : TIMER SOLUTION= 0.708226s
---------------------- TIME STEP 90887 : 2011-Jun-16 09:16:40
size of external data vector = 14
[INFO] : TIMER ASSEMBLY= 1.32866s
[INFO] : TIMER SOLUTION= 0.615857s
---------------------- TIME STEP 90888 : 2011-Jun-16 09:20:00
size of external data vector = 14
[INFO] : TIMER ASSEMBLY= 1.10753s
[INFO] : TIMER SOLUTION= 0.602396s
---------------------- TIME STEP 90889 : 2011-Jun-16 09:23:20
size of external data vector = 14
[INFO] : TIMER ASSEMBLY= 1.10188s
[INFO] : TIMER SOLUTION= 0.505038s
---------------------- TIME STEP 90890 : 2011-Jun-16 09:26:40
size of external data vector = 14
[INFO] : TIMER ASSEMBLY= 1.17468s
[INFO] : TIMER SOLUTION= 0.546814s
---------------------- TIME STEP 90891 : 2011-Jun-16 09:30:00
size of external data vector = 14
[INFO] : TIMER ASSEMBLY= 1.17673s
[INFO] : TIMER SOLUTION= 0.572259s
---------------------- TIME STEP 90892 : 2011-Jun-16 09:33:20
size of external data vector = 14
[INFO] : TIMER ASSEMBLY= 1.18011s
[INFO] : TIMER SOLUTION= 0.51592s
---------------------- TIME STEP 90893 : 2011-Jun-16 09:36:40
size of external data vector = 14
[INFO] : TIMER ASSEMBLY= 1.21579s
[INFO] : TIMER SOLUTION= 0.525816s
---------------------- TIME STEP 90894 : 2011-Jun-16 09:40:00
size of external data vector = 14
[INFO] : TIMER ASSEMBLY= 1.17752s
[INFO] : TIMER SOLUTION= 0.499159s
---------------------- TIME STEP 90895 : 2011-Jun-16 09:43:20
size of external data vector = 14
[INFO] : TIMER ASSEMBLY= 1.31234s
[INFO] : TIMER SOLUTION= 0.456339s
---------------------- TIME STEP 90896 : 2011-Jun-16 09:46:40
size of external data vector = 14
[INFO] : TIMER ASSEMBLY= 1.27988s
[INFO] : TIMER SOLUTION= 0.410377s
---------------------- TIME STEP 90897 : 2011-Jun-16 09:50:00
size of external data vector = 14
[INFO] : TIMER ASSEMBLY= 1.24808s
[INFO] : TIMER SOLUTION= 0.407592s
---------------------- TIME STEP 90898 : 2011-Jun-16 09:53:20
size of external data vector = 14
[INFO] : TIMER ASSEMBLY= 1.17208s
[INFO] : TIMER SOLUTION= 0.594865s
---------------------- TIME STEP 90899 : 2011-Jun-16 09:56:40
size of external data vector = 14
[INFO] : TIMER ASSEMBLY= 1.05573s
[INFO] : TIMER SOLUTION= 0.587566s
---------------------- TIME STEP 90900 : 2011-Jun-16 10:00:00 ---------- progression: (11.2522%) ---------- time spent: 00:08:36
size of external data vector = 14
[INFO] : TIMER ASSEMBLY= 0.987876s
[INFO] : TIMER SOLUTION= 0.631375s
---------------------- TIME STEP 90901 : 2011-Jun-16 10:03:20
size of external data vector = 14
[INFO] : TIMER ASSEMBLY= 1.03022s
[INFO] : TIMER SOLUTION= 0.714564s
---------------------- TIME STEP 90902 : 2011-Jun-16 10:06:40
size of external data vector = 14
[INFO] : TIMER ASSEMBLY= 1.26777s
[INFO] : TIMER SOLUTION= 0.750941s
---------------------- TIME STEP 90903 : 2011-Jun-16 10:10:00
size of external data vector = 14
[INFO] : TIMER ASSEMBLY= 1.29321s
[INFO] : TIMER SOLUTION= 0.644714s
---------------------- TIME STEP 90904 : 2011-Jun-16 10:13:20
size of external data vector = 14
[INFO] : TIMER ASSEMBLY= 1.25563s
[INFO] : TIMER SOLUTION= 0.426103s
---------------------- TIME STEP 90905 : 2011-Jun-16 10:16:40
size of external data vector = 14
[INFO] : TIMER ASSEMBLY= 1.23934s
[INFO] : TIMER SOLUTION= 0.40371s
---------------------- TIME STEP 90906 : 2011-Jun-16 10:20:00
size of external data vector = 14
[INFO] : TIMER ASSEMBLY= 1.2131s
[INFO] : TIMER SOLUTION= 0.506705s
---------------------- TIME STEP 90907 : 2011-Jun-16 10:23:20
size of external data vector = 14
[INFO] : TIMER ASSEMBLY= 1.24681s
[INFO] : TIMER SOLUTION= 0.454326s
---------------------- TIME STEP 90908 : 2011-Jun-16 10:26:40
size of external data vector = 14
[INFO] : TIMER ASSEMBLY= 1.22695s
[INFO] : TIMER SOLUTION= 0.597305s
---------------------- TIME STEP 90909 : 2011-Jun-16 10:30:00
size of external data vector = 14
[INFO] : TIMER ASSEMBLY= 1.55194s
[INFO] : TIMER SOLUTION= 0.51285s
---------------------- TIME STEP 90910 : 2011-Jun-16 10:33:20
size of external data vector = 14
[INFO] : TIMER ASSEMBLY= 1.30743s
[INFO] : TIMER SOLUTION= 0.513393s
---------------------- TIME STEP 90911 : 2011-Jun-16 10:36:40
size of external data vector = 14
[INFO] : TIMER ASSEMBLY= 1.25244s
[INFO] : TIMER SOLUTION= 0.440242s
---------------------- TIME STEP 90912 : 2011-Jun-16 10:40:00
size of external data vector = 14
[INFO] : TIMER ASSEMBLY= 1.3693s
[INFO] : TIMER SOLUTION= 0.611001s
---------------------- TIME STEP 90913 : 2011-Jun-16 10:43:20
size of external data vector = 14
[INFO] : TIMER ASSEMBLY= 1.20628s
[INFO] : TIMER SOLUTION= 0.532526s
---------------------- TIME STEP 90914 : 2011-Jun-16 10:46:40
size of external data vector = 14
[INFO] : TIMER ASSEMBLY= 1.26446s
[INFO] : TIMER SOLUTION= 0.431872s
---------------------- TIME STEP 90915 : 2011-Jun-16 10:50:00
size of external data vector = 14
[INFO] : TIMER ASSEMBLY= 1.32737s
[INFO] : TIMER SOLUTION= 0.469911s
---------------------- TIME STEP 90916 : 2011-Jun-16 10:53:20
size of external data vector = 14
[INFO] : TIMER ASSEMBLY= 1.33412s
[INFO] : TIMER SOLUTION= 0.471389s
---------------------- TIME STEP 90917 : 2011-Jun-16 10:56:40
size of external data vector = 14
[INFO] : TIMER ASSEMBLY= 1.23894s
[INFO] : TIMER SOLUTION= 0.520143s
---------------------- TIME STEP 90918 : 2011-Jun-16 11:00:00
size of external data vector = 14
[INFO] : TIMER ASSEMBLY= 1.47205s
[INFO] : TIMER SOLUTION= 0.442095s
---------------------- TIME STEP 90919 : 2011-Jun-16 11:03:20
size of external data vector = 14
[INFO] : TIMER ASSEMBLY= 1.21648s
[INFO] : TIMER SOLUTION= 0.40367s
---------------------- TIME STEP 90920 : 2011-Jun-16 11:06:40 ---------- progression: (11.2547%) ---------- time spent: 00:09:35
size of external data vector = 14
[INFO] : TIMER ASSEMBLY= 1.28169s
[INFO] : TIMER SOLUTION= 0.440683s
---------------------- TIME STEP 90921 : 2011-Jun-16 11:10:00
size of external data vector = 14
[INFO] : TIMER ASSEMBLY= 1.28994s
[INFO] : TIMER SOLUTION= 0.40242s
---------------------- TIME STEP 90922 : 2011-Jun-16 11:13:20
size of external data vector = 14
[INFO] : TIMER ASSEMBLY= 1.16235s
[INFO] : TIMER SOLUTION= 0.488888s
---------------------- TIME STEP 90923 : 2011-Jun-16 11:16:40
size of external data vector = 14
[INFO] : TIMER ASSEMBLY= 1.00016s
[INFO] : TIMER SOLUTION= 0.54109s
---------------------- TIME STEP 90924 : 2011-Jun-16 11:20:00
size of external data vector = 14
[INFO] : TIMER ASSEMBLY= 0.946394s
[INFO] : TIMER SOLUTION= 0.687735s
---------------------- TIME STEP 90925 : 2011-Jun-16 11:23:20
size of external data vector = 14
[INFO] : TIMER ASSEMBLY= 0.959015s
[INFO] : TIMER SOLUTION= 0.51292s
---------------------- TIME STEP 90926 : 2011-Jun-16 11:26:40
size of external data vector = 14
[INFO] : TIMER ASSEMBLY= 1.10048s
[INFO] : TIMER SOLUTION= 0.653042s
---------------------- TIME STEP 90927 : 2011-Jun-16 11:30:00
size of external data vector = 14
[INFO] : TIMER ASSEMBLY= 0.989559s
[INFO] : TIMER SOLUTION= 0.557978s
---------------------- TIME STEP 90928 : 2011-Jun-16 11:33:20
size of external data vector = 14
[INFO] : TIMER ASSEMBLY= 1.15804s
[INFO] : TIMER SOLUTION= 0.559375s
---------------------- TIME STEP 90929 : 2011-Jun-16 11:36:40
size of external data vector = 14
[INFO] : TIMER ASSEMBLY= 1.11261s
[INFO] : TIMER SOLUTION= 0.569698s
---------------------- TIME STEP 90930 : 2011-Jun-16 11:40:00
size of external data vector = 14
[INFO] : TIMER ASSEMBLY= 1.2246s
[INFO] : TIMER SOLUTION= 0.63791s
---------------------- TIME STEP 90931 : 2011-Jun-16 11:43:20
size of external data vector = 14
[INFO] : TIMER ASSEMBLY= 1.17319s
[INFO] : TIMER SOLUTION= 0.697439s
---------------------- TIME STEP 90932 : 2011-Jun-16 11:46:40
size of external data vector = 14
[INFO] : TIMER ASSEMBLY= 1.23159s
[INFO] : TIMER SOLUTION= 0.446292s
---------------------- TIME STEP 90933 : 2011-Jun-16 11:50:00
size of external data vector = 14
[INFO] : TIMER ASSEMBLY= 1.25184s
[INFO] : TIMER SOLUTION= 0.459716s
---------------------- TIME STEP 90934 : 2011-Jun-16 11:53:20
size of external data vector = 14
[INFO] : TIMER ASSEMBLY= 1.18798s
[INFO] : TIMER SOLUTION= 0.387367s
---------------------- TIME STEP 90935 : 2011-Jun-16 11:56:40
size of external data vector = 14
[INFO] : TIMER ASSEMBLY= 1.22601s
[INFO] : TIMER SOLUTION= 0.42874s
[0]PETSC ERROR: ------------------------------------------------------------------------
[0]PETSC ERROR: Caught signal number 11 SEGV: Segmentation Violation, probably memory access out of range
[0]PETSC ERROR: Try option -start_in_debugger or -on_error_attach_debugger
[0]PETSC ERROR: or see http://www.mcs.anl.gov/petsc/documentation/faq.html#valgrind
[0]PETSC ERROR: or try http://valgrind.org on GNU/linux and Apple Mac OS X to find memory corruption errors
[0]PETSC ERROR: configure using --with-debugging=yes, recompile, link, and run 
[0]PETSC ERROR: to get more information on the crash.
[0]PETSC ERROR: --------------------- Error Message --------------------------------------------------------------
[0]PETSC ERROR: Signal received
[0]PETSC ERROR: See http://www.mcs.anl.gov/petsc/documentation/faq.html for trouble shooting.
[0]PETSC ERROR: Petsc Release Version 3.6.4, Apr, 12, 2016 
[0]PETSC ERROR: bin/nextsim.exec on a arch-darwin-c-opt named seoul.ad.nersc.no by sylvain Tue May 16 17:12:22 2017
[0]PETSC ERROR: Configure options -with-python --with-cxx=mpicxx --with-cc=mpicc --with-fc=mpif90 --with-mpiexec=mpiexec --with-debugging=0 --with-c-support=1 --with-c++-support=1 --with-shared-libraries=1 --with-blacs --download-blacs=yes --with-parmetis=1 --download-parmetis=yes --with-scalapack=1 --download-scalapack=yes --with-mumps=1 --download-mumps=yes --with-suitesparse=1 --download-suitesparse=yes --with-c2html=0 --with-metis=1 --download-metis=yes --prefix=/opt/local/petsc
[0]PETSC ERROR: #1 User provided function() line 0 in  unknown file
--------------------------------------------------------------------------
MPI_ABORT was invoked on rank 0 in communicator MPI_COMM_WORLD 
with errorcode 59.

NOTE: invoking MPI_ABORT causes Open MPI to kill all MPI processes.
You may or may not see output from other processes, depending on
exactly when Open MPI kills them.
--------------------------------------------------------------------------
---------------------- TIME STEP 90936 : 2011-Jun-16 12:00:00
