work_path= /cluster/work/users/chengsukun/offline_perturbations
cd ../objs; rm -f *.o *.mod
rm -f ../bin/p_pseudo2D
cd ../objs ; mpiifort  -c  -DFFTW -DIARGC -DLAPACK   -g -fpic -nofor-main -convert big_endian -assume byterecl -cm -vec_reprot0 -w -O2 -r8 -g -traceback       -I/local/netcdf/include -I/local/fftw/include -free  -o m_set_random_seed.o ../src/m_set_random_seed.F90
cd ../objs ; mpiifort  -c  -DFFTW -DIARGC -DLAPACK   -g -fpic -nofor-main -convert big_endian -assume byterecl -cm -vec_reprot0 -w -O2 -r8 -g -traceback       -I/local/netcdf/include -I/local/fftw/include -free  -o mod_pseudo.o ../src/mod_pseudo.F90
cd ../objs ; mpiifort  -c  -DFFTW -DIARGC -DLAPACK   -g -fpic -nofor-main -convert big_endian -assume byterecl -cm -vec_reprot0 -w -O2 -r8 -g -traceback       -I/local/netcdf/include -I/local/fftw/include -free  -o mod_random_forcing.o ../src/mod_random_forcing.F90
cd ../objs ; mpiifort  -c  -DFFTW -DIARGC -DLAPACK   -g -fpic -nofor-main -convert big_endian -assume byterecl -cm -vec_reprot0 -w -O2 -r8 -g -traceback       -I/local/netcdf/include -I/local/fftw/include -free  -o main_pseudo2D.o ../src/main_pseudo2D.F90
cd ../objs ; mpiifort   m_set_random_seed.o mod_pseudo.o mod_random_forcing.o main_pseudo2D.o -mkl=parallel -lfftw3 -lgsl -lnetcdf -lnetcdff -lhdf5_hl -lhdf5 -lsz -lz -ldl -lm -liomp5 -lpthread -lcurl -o ../bin/p_pseudo2D
 start perturbation from random values
Finish 1 over 40 members
 start perturbation from random values
Finish 2 over 40 members
 start perturbation from random values
Finish 3 over 40 members
 start perturbation from random values
Finish 4 over 40 members
 start perturbation from random values
Finish 5 over 40 members
 start perturbation from random values
Finish 6 over 40 members
 start perturbation from random values
Finish 7 over 40 members
 start perturbation from random values
Finish 8 over 40 members
 start perturbation from random values
Finish 9 over 40 members
 start perturbation from random values
Finish 10 over 40 members
 start perturbation from random values
Finish 11 over 40 members
 start perturbation from random values
Finish 12 over 40 members
 start perturbation from random values
Finish 13 over 40 members
 start perturbation from random values
Finish 14 over 40 members
 start perturbation from random values
Finish 15 over 40 members
 start perturbation from random values
Finish 16 over 40 members
 start perturbation from random values
Finish 17 over 40 members
 start perturbation from random values
Finish 18 over 40 members
 start perturbation from random values
Finish 19 over 40 members
 start perturbation from random values
Finish 20 over 40 members
 start perturbation from random values
Finish 21 over 40 members
 start perturbation from random values
Finish 22 over 40 members
 start perturbation from random values
Finish 23 over 40 members
 start perturbation from random values
Finish 24 over 40 members
 start perturbation from random values
Finish 25 over 40 members
 start perturbation from random values
Finish 26 over 40 members
 start perturbation from random values
Finish 27 over 40 members
 start perturbation from random values
Finish 28 over 40 members
 start perturbation from random values
Finish 29 over 40 members
 start perturbation from random values
Finish 30 over 40 members
 start perturbation from random values
Finish 31 over 40 members
 start perturbation from random values
Finish 32 over 40 members
 start perturbation from random values
Finish 33 over 40 members
 start perturbation from random values
Finish 34 over 40 members
 start perturbation from random values
Finish 35 over 40 members
 start perturbation from random values
Finish 36 over 40 members
 start perturbation from random values
Finish 37 over 40 members
 start perturbation from random values
Finish 38 over 40 members
 start perturbation from random values
Finish 39 over 40 members
 start perturbation from random values
Finish 40 over 40 members
work_path= /cluster/work/users/chengsukun/offline_perturbations
cd ../objs; rm -f *.o *.mod
rm -f ../bin/p_pseudo2D
cd ../objs ; mpiifort  -c  -DFFTW -DIARGC -DLAPACK   -g -fpic -nofor-main -convert big_endian -assume byterecl -cm -vec_reprot0 -w -O2 -r8 -g -traceback       -I/local/netcdf/include -I/local/fftw/include -free  -o m_set_random_seed.o ../src/m_set_random_seed.F90
cd ../objs ; mpiifort  -c  -DFFTW -DIARGC -DLAPACK   -g -fpic -nofor-main -convert big_endian -assume byterecl -cm -vec_reprot0 -w -O2 -r8 -g -traceback       -I/local/netcdf/include -I/local/fftw/include -free  -o mod_pseudo.o ../src/mod_pseudo.F90
cd ../objs ; mpiifort  -c  -DFFTW -DIARGC -DLAPACK   -g -fpic -nofor-main -convert big_endian -assume byterecl -cm -vec_reprot0 -w -O2 -r8 -g -traceback       -I/local/netcdf/include -I/local/fftw/include -free  -o mod_random_forcing.o ../src/mod_random_forcing.F90
cd ../objs ; mpiifort  -c  -DFFTW -DIARGC -DLAPACK   -g -fpic -nofor-main -convert big_endian -assume byterecl -cm -vec_reprot0 -w -O2 -r8 -g -traceback       -I/local/netcdf/include -I/local/fftw/include -free  -o main_pseudo2D.o ../src/main_pseudo2D.F90
cd ../objs ; mpiifort   m_set_random_seed.o mod_pseudo.o mod_random_forcing.o main_pseudo2D.o -mkl=parallel -lfftw3 -lgsl -lnetcdf -lnetcdff -lhdf5_hl -lhdf5 -lsz -lz -ldl -lm -liomp5 -lpthread -lcurl -o ../bin/p_pseudo2D
 start perturbation from random values
forrtl: severe (174): SIGSEGV, segmentation fault occurred
Image              PC                Routine            Line        Source             
p_pseudo2D         0000000000438C43  Unknown               Unknown  Unknown
libpthread-2.17.s  00007FBDD346A630  Unknown               Unknown  Unknown
p_pseudo2D         000000000040CED0  mod_pseudo_mp_pse          84  mod_pseudo.F90
p_pseudo2D         0000000000412609  mod_random_forcin         448  mod_random_forcing.F90
p_pseudo2D         0000000000417E6F  mod_random_forcin         145  mod_random_forcing.F90
p_pseudo2D         0000000000418058  MAIN__                     33  main_pseudo2D.F90
p_pseudo2D         000000000040C952  Unknown               Unknown  Unknown
libc-2.17.so       00007FBDD1DF5545  __libc_start_main     Unknown  Unknown
p_pseudo2D         000000000040C869  Unknown               Unknown  Unknown
Error on line 21
Finish 1 over 40 members
 start perturbation from random values
forrtl: severe (174): SIGSEGV, segmentation fault occurred
Image              PC                Routine            Line        Source             
p_pseudo2D         0000000000438C43  Unknown               Unknown  Unknown
libpthread-2.17.s  00007FBFBE6CF630  Unknown               Unknown  Unknown
p_pseudo2D         000000000040CED0  mod_pseudo_mp_pse          84  mod_pseudo.F90
p_pseudo2D         0000000000412609  mod_random_forcin         448  mod_random_forcing.F90
p_pseudo2D         0000000000417E6F  mod_random_forcin         145  mod_random_forcing.F90
p_pseudo2D         0000000000418058  MAIN__                     33  main_pseudo2D.F90
p_pseudo2D         000000000040C952  Unknown               Unknown  Unknown
libc-2.17.so       00007FBFBD05A545  __libc_start_main     Unknown  Unknown
p_pseudo2D         000000000040C869  Unknown               Unknown  Unknown
Error on line 21
Finish 2 over 40 members
 start perturbation from random values
forrtl: severe (174): SIGSEGV, segmentation fault occurred
Image              PC                Routine            Line        Source             
p_pseudo2D         0000000000438C43  Unknown               Unknown  Unknown
libpthread-2.17.s  00007FA63E555630  Unknown               Unknown  Unknown
p_pseudo2D         000000000040CED0  mod_pseudo_mp_pse          84  mod_pseudo.F90
p_pseudo2D         0000000000412609  mod_random_forcin         448  mod_random_forcing.F90
p_pseudo2D         0000000000417E6F  mod_random_forcin         145  mod_random_forcing.F90
p_pseudo2D         0000000000418058  MAIN__                     33  main_pseudo2D.F90
p_pseudo2D         000000000040C952  Unknown               Unknown  Unknown
libc-2.17.so       00007FA63CEE0545  __libc_start_main     Unknown  Unknown
p_pseudo2D         000000000040C869  Unknown               Unknown  Unknown
Error on line 21
Finish 3 over 40 members
 start perturbation from random values
forrtl: severe (174): SIGSEGV, segmentation fault occurred
Image              PC                Routine            Line        Source             
p_pseudo2D         0000000000438C43  Unknown               Unknown  Unknown
libpthread-2.17.s  00007FDD7D3B5630  Unknown               Unknown  Unknown
p_pseudo2D         000000000040CED0  mod_pseudo_mp_pse          84  mod_pseudo.F90
p_pseudo2D         0000000000412609  mod_random_forcin         448  mod_random_forcing.F90
p_pseudo2D         0000000000417E6F  mod_random_forcin         145  mod_random_forcing.F90
p_pseudo2D         0000000000418058  MAIN__                     33  main_pseudo2D.F90
p_pseudo2D         000000000040C952  Unknown               Unknown  Unknown
libc-2.17.so       00007FDD7BD40545  __libc_start_main     Unknown  Unknown
p_pseudo2D         000000000040C869  Unknown               Unknown  Unknown
Error on line 21
Finish 4 over 40 members
 start perturbation from random values
forrtl: severe (174): SIGSEGV, segmentation fault occurred
Image              PC                Routine            Line        Source             
p_pseudo2D         0000000000438C43  Unknown               Unknown  Unknown
libpthread-2.17.s  00007F94DEFF3630  Unknown               Unknown  Unknown
p_pseudo2D         000000000040CED0  mod_pseudo_mp_pse          84  mod_pseudo.F90
p_pseudo2D         0000000000412609  mod_random_forcin         448  mod_random_forcing.F90
p_pseudo2D         0000000000417E6F  mod_random_forcin         145  mod_random_forcing.F90
p_pseudo2D         0000000000418058  MAIN__                     33  main_pseudo2D.F90
p_pseudo2D         000000000040C952  Unknown               Unknown  Unknown
libc-2.17.so       00007F94DD97E545  __libc_start_main     Unknown  Unknown
p_pseudo2D         000000000040C869  Unknown               Unknown  Unknown
Error on line 21
Finish 5 over 40 members
 start perturbation from random values
forrtl: severe (174): SIGSEGV, segmentation fault occurred
Image              PC                Routine            Line        Source             
p_pseudo2D         0000000000438C43  Unknown               Unknown  Unknown
libpthread-2.17.s  00007F4630225630  Unknown               Unknown  Unknown
p_pseudo2D         000000000040CED0  mod_pseudo_mp_pse          84  mod_pseudo.F90
p_pseudo2D         0000000000412609  mod_random_forcin         448  mod_random_forcing.F90
p_pseudo2D         0000000000417E6F  mod_random_forcin         145  mod_random_forcing.F90
p_pseudo2D         0000000000418058  MAIN__                     33  main_pseudo2D.F90
p_pseudo2D         000000000040C952  Unknown               Unknown  Unknown
libc-2.17.so       00007F462EBB0545  __libc_start_main     Unknown  Unknown
p_pseudo2D         000000000040C869  Unknown               Unknown  Unknown
Error on line 21
Finish 6 over 40 members
 start perturbation from random values
forrtl: severe (174): SIGSEGV, segmentation fault occurred
Image              PC                Routine            Line        Source             
p_pseudo2D         0000000000438C43  Unknown               Unknown  Unknown
libpthread-2.17.s  00007F5807749630  Unknown               Unknown  Unknown
p_pseudo2D         000000000040CED0  mod_pseudo_mp_pse          84  mod_pseudo.F90
p_pseudo2D         0000000000412609  mod_random_forcin         448  mod_random_forcing.F90
p_pseudo2D         0000000000417E6F  mod_random_forcin         145  mod_random_forcing.F90
p_pseudo2D         0000000000418058  MAIN__                     33  main_pseudo2D.F90
p_pseudo2D         000000000040C952  Unknown               Unknown  Unknown
libc-2.17.so       00007F58060D4545  __libc_start_main     Unknown  Unknown
p_pseudo2D         000000000040C869  Unknown               Unknown  Unknown
Error on line 21
Finish 7 over 40 members
 start perturbation from random values
forrtl: severe (174): SIGSEGV, segmentation fault occurred
Image              PC                Routine            Line        Source             
p_pseudo2D         0000000000438C43  Unknown               Unknown  Unknown
libpthread-2.17.s  00007F3D7F54C630  Unknown               Unknown  Unknown
p_pseudo2D         000000000040CED0  mod_pseudo_mp_pse          84  mod_pseudo.F90
p_pseudo2D         0000000000412609  mod_random_forcin         448  mod_random_forcing.F90
p_pseudo2D         0000000000417E6F  mod_random_forcin         145  mod_random_forcing.F90
p_pseudo2D         0000000000418058  MAIN__                     33  main_pseudo2D.F90
p_pseudo2D         000000000040C952  Unknown               Unknown  Unknown
libc-2.17.so       00007F3D7DED7545  __libc_start_main     Unknown  Unknown
p_pseudo2D         000000000040C869  Unknown               Unknown  Unknown
Error on line 21
Finish 8 over 40 members
 start perturbation from random values
forrtl: severe (174): SIGSEGV, segmentation fault occurred
Image              PC                Routine            Line        Source             
p_pseudo2D         0000000000438C43  Unknown               Unknown  Unknown
libpthread-2.17.s  00007F42FC4F2630  Unknown               Unknown  Unknown
p_pseudo2D         000000000040CED0  mod_pseudo_mp_pse          84  mod_pseudo.F90
p_pseudo2D         0000000000412609  mod_random_forcin         448  mod_random_forcing.F90
p_pseudo2D         0000000000417E6F  mod_random_forcin         145  mod_random_forcing.F90
p_pseudo2D         0000000000418058  MAIN__                     33  main_pseudo2D.F90
p_pseudo2D         000000000040C952  Unknown               Unknown  Unknown
libc-2.17.so       00007F42FAE7D545  __libc_start_main     Unknown  Unknown
p_pseudo2D         000000000040C869  Unknown               Unknown  Unknown
Error on line 21
Finish 9 over 40 members
 start perturbation from random values
forrtl: severe (174): SIGSEGV, segmentation fault occurred
Image              PC                Routine            Line        Source             
p_pseudo2D         0000000000438C43  Unknown               Unknown  Unknown
libpthread-2.17.s  00007FE096DAF630  Unknown               Unknown  Unknown
p_pseudo2D         000000000040CED0  mod_pseudo_mp_pse          84  mod_pseudo.F90
p_pseudo2D         0000000000412609  mod_random_forcin         448  mod_random_forcing.F90
p_pseudo2D         0000000000417E6F  mod_random_forcin         145  mod_random_forcing.F90
p_pseudo2D         0000000000418058  MAIN__                     33  main_pseudo2D.F90
p_pseudo2D         000000000040C952  Unknown               Unknown  Unknown
libc-2.17.so       00007FE09573A545  __libc_start_main     Unknown  Unknown
p_pseudo2D         000000000040C869  Unknown               Unknown  Unknown
Error on line 21
Finish 10 over 40 members
 start perturbation from random values
forrtl: severe (174): SIGSEGV, segmentation fault occurred
Image              PC                Routine            Line        Source             
p_pseudo2D         0000000000438C43  Unknown               Unknown  Unknown
libpthread-2.17.s  00007FB344F6D630  Unknown               Unknown  Unknown
p_pseudo2D         000000000040CED0  mod_pseudo_mp_pse          84  mod_pseudo.F90
p_pseudo2D         0000000000412609  mod_random_forcin         448  mod_random_forcing.F90
p_pseudo2D         0000000000417E6F  mod_random_forcin         145  mod_random_forcing.F90
p_pseudo2D         0000000000418058  MAIN__                     33  main_pseudo2D.F90
p_pseudo2D         000000000040C952  Unknown               Unknown  Unknown
libc-2.17.so       00007FB3438F8545  __libc_start_main     Unknown  Unknown
p_pseudo2D         000000000040C869  Unknown               Unknown  Unknown
Error on line 21
Finish 11 over 40 members
 start perturbation from random values
forrtl: severe (174): SIGSEGV, segmentation fault occurred
Image              PC                Routine            Line        Source             
p_pseudo2D         0000000000438C43  Unknown               Unknown  Unknown
libpthread-2.17.s  00007F2A75823630  Unknown               Unknown  Unknown
p_pseudo2D         000000000040CED0  mod_pseudo_mp_pse          84  mod_pseudo.F90
p_pseudo2D         0000000000412609  mod_random_forcin         448  mod_random_forcing.F90
p_pseudo2D         0000000000417E6F  mod_random_forcin         145  mod_random_forcing.F90
p_pseudo2D         0000000000418058  MAIN__                     33  main_pseudo2D.F90
p_pseudo2D         000000000040C952  Unknown               Unknown  Unknown
libc-2.17.so       00007F2A741AE545  __libc_start_main     Unknown  Unknown
p_pseudo2D         000000000040C869  Unknown               Unknown  Unknown
Error on line 21
Finish 12 over 40 members
 start perturbation from random values
forrtl: severe (174): SIGSEGV, segmentation fault occurred
Image              PC                Routine            Line        Source             
p_pseudo2D         0000000000438C43  Unknown               Unknown  Unknown
libpthread-2.17.s  00007FC50FA9C630  Unknown               Unknown  Unknown
p_pseudo2D         000000000040CED0  mod_pseudo_mp_pse          84  mod_pseudo.F90
p_pseudo2D         0000000000412609  mod_random_forcin         448  mod_random_forcing.F90
p_pseudo2D         0000000000417E6F  mod_random_forcin         145  mod_random_forcing.F90
p_pseudo2D         0000000000418058  MAIN__                     33  main_pseudo2D.F90
p_pseudo2D         000000000040C952  Unknown               Unknown  Unknown
libc-2.17.so       00007FC50E427545  __libc_start_main     Unknown  Unknown
p_pseudo2D         000000000040C869  Unknown               Unknown  Unknown
Error on line 21
Finish 13 over 40 members
 start perturbation from random values
forrtl: severe (174): SIGSEGV, segmentation fault occurred
Image              PC                Routine            Line        Source             
p_pseudo2D         0000000000438C43  Unknown               Unknown  Unknown
libpthread-2.17.s  00007F83A805C630  Unknown               Unknown  Unknown
p_pseudo2D         000000000040CED0  mod_pseudo_mp_pse          84  mod_pseudo.F90
p_pseudo2D         0000000000412609  mod_random_forcin         448  mod_random_forcing.F90
p_pseudo2D         0000000000417E6F  mod_random_forcin         145  mod_random_forcing.F90
p_pseudo2D         0000000000418058  MAIN__                     33  main_pseudo2D.F90
p_pseudo2D         000000000040C952  Unknown               Unknown  Unknown
libc-2.17.so       00007F83A69E7545  __libc_start_main     Unknown  Unknown
p_pseudo2D         000000000040C869  Unknown               Unknown  Unknown
Error on line 21
Finish 14 over 40 members
 start perturbation from random values
forrtl: severe (174): SIGSEGV, segmentation fault occurred
Image              PC                Routine            Line        Source             
p_pseudo2D         0000000000438C43  Unknown               Unknown  Unknown
libpthread-2.17.s  00007FD54995E630  Unknown               Unknown  Unknown
p_pseudo2D         000000000040CED0  mod_pseudo_mp_pse          84  mod_pseudo.F90
p_pseudo2D         0000000000412609  mod_random_forcin         448  mod_random_forcing.F90
p_pseudo2D         0000000000417E6F  mod_random_forcin         145  mod_random_forcing.F90
p_pseudo2D         0000000000418058  MAIN__                     33  main_pseudo2D.F90
p_pseudo2D         000000000040C952  Unknown               Unknown  Unknown
libc-2.17.so       00007FD5482E9545  __libc_start_main     Unknown  Unknown
p_pseudo2D         000000000040C869  Unknown               Unknown  Unknown
Error on line 21
Finish 15 over 40 members
 start perturbation from random values
forrtl: severe (174): SIGSEGV, segmentation fault occurred
Image              PC                Routine            Line        Source             
p_pseudo2D         0000000000438C43  Unknown               Unknown  Unknown
libpthread-2.17.s  00007FEA0D8AA630  Unknown               Unknown  Unknown
p_pseudo2D         000000000040CED0  mod_pseudo_mp_pse          84  mod_pseudo.F90
p_pseudo2D         0000000000412609  mod_random_forcin         448  mod_random_forcing.F90
p_pseudo2D         0000000000417E6F  mod_random_forcin         145  mod_random_forcing.F90
p_pseudo2D         0000000000418058  MAIN__                     33  main_pseudo2D.F90
p_pseudo2D         000000000040C952  Unknown               Unknown  Unknown
libc-2.17.so       00007FEA0C235545  __libc_start_main     Unknown  Unknown
p_pseudo2D         000000000040C869  Unknown               Unknown  Unknown
Error on line 21
Finish 16 over 40 members
 start perturbation from random values
forrtl: severe (174): SIGSEGV, segmentation fault occurred
Image              PC                Routine            Line        Source             
p_pseudo2D         0000000000438C43  Unknown               Unknown  Unknown
libpthread-2.17.s  00007F676059A630  Unknown               Unknown  Unknown
p_pseudo2D         000000000040CED0  mod_pseudo_mp_pse          84  mod_pseudo.F90
p_pseudo2D         0000000000412609  mod_random_forcin         448  mod_random_forcing.F90
p_pseudo2D         0000000000417E6F  mod_random_forcin         145  mod_random_forcing.F90
p_pseudo2D         0000000000418058  MAIN__                     33  main_pseudo2D.F90
p_pseudo2D         000000000040C952  Unknown               Unknown  Unknown
libc-2.17.so       00007F675EF25545  __libc_start_main     Unknown  Unknown
p_pseudo2D         000000000040C869  Unknown               Unknown  Unknown
Error on line 21
Finish 17 over 40 members
 start perturbation from random values
forrtl: severe (174): SIGSEGV, segmentation fault occurred
Image              PC                Routine            Line        Source             
p_pseudo2D         0000000000438C43  Unknown               Unknown  Unknown
libpthread-2.17.s  00007F5E55498630  Unknown               Unknown  Unknown
p_pseudo2D         000000000040CED0  mod_pseudo_mp_pse          84  mod_pseudo.F90
p_pseudo2D         0000000000412609  mod_random_forcin         448  mod_random_forcing.F90
p_pseudo2D         0000000000417E6F  mod_random_forcin         145  mod_random_forcing.F90
p_pseudo2D         0000000000418058  MAIN__                     33  main_pseudo2D.F90
p_pseudo2D         000000000040C952  Unknown               Unknown  Unknown
libc-2.17.so       00007F5E53E23545  __libc_start_main     Unknown  Unknown
p_pseudo2D         000000000040C869  Unknown               Unknown  Unknown
Error on line 21
Finish 18 over 40 members
 start perturbation from random values
forrtl: severe (174): SIGSEGV, segmentation fault occurred
Image              PC                Routine            Line        Source             
p_pseudo2D         0000000000438C43  Unknown               Unknown  Unknown
libpthread-2.17.s  00007F7593399630  Unknown               Unknown  Unknown
p_pseudo2D         000000000040CED0  mod_pseudo_mp_pse          84  mod_pseudo.F90
p_pseudo2D         0000000000412609  mod_random_forcin         448  mod_random_forcing.F90
p_pseudo2D         0000000000417E6F  mod_random_forcin         145  mod_random_forcing.F90
p_pseudo2D         0000000000418058  MAIN__                     33  main_pseudo2D.F90
p_pseudo2D         000000000040C952  Unknown               Unknown  Unknown
libc-2.17.so       00007F7591D24545  __libc_start_main     Unknown  Unknown
p_pseudo2D         000000000040C869  Unknown               Unknown  Unknown
Error on line 21
Finish 19 over 40 members
 start perturbation from random values
forrtl: severe (174): SIGSEGV, segmentation fault occurred
Image              PC                Routine            Line        Source             
p_pseudo2D         0000000000438C43  Unknown               Unknown  Unknown
libpthread-2.17.s  00007F0DC11D7630  Unknown               Unknown  Unknown
p_pseudo2D         000000000040CED0  mod_pseudo_mp_pse          84  mod_pseudo.F90
p_pseudo2D         0000000000412609  mod_random_forcin         448  mod_random_forcing.F90
p_pseudo2D         0000000000417E6F  mod_random_forcin         145  mod_random_forcing.F90
p_pseudo2D         0000000000418058  MAIN__                     33  main_pseudo2D.F90
p_pseudo2D         000000000040C952  Unknown               Unknown  Unknown
libc-2.17.so       00007F0DBFB62545  __libc_start_main     Unknown  Unknown
p_pseudo2D         000000000040C869  Unknown               Unknown  Unknown
Error on line 21
Finish 20 over 40 members
 start perturbation from random values
forrtl: severe (174): SIGSEGV, segmentation fault occurred
Image              PC                Routine            Line        Source             
p_pseudo2D         0000000000438C43  Unknown               Unknown  Unknown
libpthread-2.17.s  00007F75684F0630  Unknown               Unknown  Unknown
p_pseudo2D         000000000040CED0  mod_pseudo_mp_pse          84  mod_pseudo.F90
p_pseudo2D         0000000000412609  mod_random_forcin         448  mod_random_forcing.F90
p_pseudo2D         0000000000417E6F  mod_random_forcin         145  mod_random_forcing.F90
p_pseudo2D         0000000000418058  MAIN__                     33  main_pseudo2D.F90
p_pseudo2D         000000000040C952  Unknown               Unknown  Unknown
libc-2.17.so       00007F7566E7B545  __libc_start_main     Unknown  Unknown
p_pseudo2D         000000000040C869  Unknown               Unknown  Unknown
Error on line 21
Finish 21 over 40 members
 start perturbation from random values
forrtl: severe (174): SIGSEGV, segmentation fault occurred
Image              PC                Routine            Line        Source             
p_pseudo2D         0000000000438C43  Unknown               Unknown  Unknown
libpthread-2.17.s  00007F7B34A07630  Unknown               Unknown  Unknown
p_pseudo2D         000000000040CED0  mod_pseudo_mp_pse          84  mod_pseudo.F90
p_pseudo2D         0000000000412609  mod_random_forcin         448  mod_random_forcing.F90
p_pseudo2D         0000000000417E6F  mod_random_forcin         145  mod_random_forcing.F90
p_pseudo2D         0000000000418058  MAIN__                     33  main_pseudo2D.F90
p_pseudo2D         000000000040C952  Unknown               Unknown  Unknown
libc-2.17.so       00007F7B33392545  __libc_start_main     Unknown  Unknown
p_pseudo2D         000000000040C869  Unknown               Unknown  Unknown
Error on line 21
Finish 22 over 40 members
 start perturbation from random values
forrtl: severe (174): SIGSEGV, segmentation fault occurred
Image              PC                Routine            Line        Source             
p_pseudo2D         0000000000438C43  Unknown               Unknown  Unknown
libpthread-2.17.s  00007F0636AD3630  Unknown               Unknown  Unknown
p_pseudo2D         000000000040CED0  mod_pseudo_mp_pse          84  mod_pseudo.F90
p_pseudo2D         0000000000412609  mod_random_forcin         448  mod_random_forcing.F90
p_pseudo2D         0000000000417E6F  mod_random_forcin         145  mod_random_forcing.F90
p_pseudo2D         0000000000418058  MAIN__                     33  main_pseudo2D.F90
p_pseudo2D         000000000040C952  Unknown               Unknown  Unknown
libc-2.17.so       00007F063545E545  __libc_start_main     Unknown  Unknown
p_pseudo2D         000000000040C869  Unknown               Unknown  Unknown
Error on line 21
Finish 23 over 40 members
 start perturbation from random values
forrtl: severe (174): SIGSEGV, segmentation fault occurred
Image              PC                Routine            Line        Source             
p_pseudo2D         0000000000438C43  Unknown               Unknown  Unknown
libpthread-2.17.s  00007F14892E4630  Unknown               Unknown  Unknown
p_pseudo2D         000000000040CED0  mod_pseudo_mp_pse          84  mod_pseudo.F90
p_pseudo2D         0000000000412609  mod_random_forcin         448  mod_random_forcing.F90
p_pseudo2D         0000000000417E6F  mod_random_forcin         145  mod_random_forcing.F90
p_pseudo2D         0000000000418058  MAIN__                     33  main_pseudo2D.F90
p_pseudo2D         000000000040C952  Unknown               Unknown  Unknown
libc-2.17.so       00007F1487C6F545  __libc_start_main     Unknown  Unknown
p_pseudo2D         000000000040C869  Unknown               Unknown  Unknown
Error on line 21
Finish 24 over 40 members
 start perturbation from random values
forrtl: severe (174): SIGSEGV, segmentation fault occurred
Image              PC                Routine            Line        Source             
p_pseudo2D         0000000000438C43  Unknown               Unknown  Unknown
libpthread-2.17.s  00007FD6BE752630  Unknown               Unknown  Unknown
p_pseudo2D         000000000040CED0  mod_pseudo_mp_pse          84  mod_pseudo.F90
p_pseudo2D         0000000000412609  mod_random_forcin         448  mod_random_forcing.F90
p_pseudo2D         0000000000417E6F  mod_random_forcin         145  mod_random_forcing.F90
p_pseudo2D         0000000000418058  MAIN__                     33  main_pseudo2D.F90
p_pseudo2D         000000000040C952  Unknown               Unknown  Unknown
libc-2.17.so       00007FD6BD0DD545  __libc_start_main     Unknown  Unknown
p_pseudo2D         000000000040C869  Unknown               Unknown  Unknown
Error on line 21
Finish 25 over 40 members
 start perturbation from random values
forrtl: severe (174): SIGSEGV, segmentation fault occurred
Image              PC                Routine            Line        Source             
p_pseudo2D         0000000000438C43  Unknown               Unknown  Unknown
libpthread-2.17.s  00007EFEB6FE5630  Unknown               Unknown  Unknown
p_pseudo2D         000000000040CED0  mod_pseudo_mp_pse          84  mod_pseudo.F90
p_pseudo2D         0000000000412609  mod_random_forcin         448  mod_random_forcing.F90
p_pseudo2D         0000000000417E6F  mod_random_forcin         145  mod_random_forcing.F90
p_pseudo2D         0000000000418058  MAIN__                     33  main_pseudo2D.F90
p_pseudo2D         000000000040C952  Unknown               Unknown  Unknown
libc-2.17.so       00007EFEB5970545  __libc_start_main     Unknown  Unknown
p_pseudo2D         000000000040C869  Unknown               Unknown  Unknown
Error on line 21
Finish 26 over 40 members
 start perturbation from random values
forrtl: severe (174): SIGSEGV, segmentation fault occurred
Image              PC                Routine            Line        Source             
p_pseudo2D         0000000000438C43  Unknown               Unknown  Unknown
libpthread-2.17.s  00007F5FEE88B630  Unknown               Unknown  Unknown
p_pseudo2D         000000000040CED0  mod_pseudo_mp_pse          84  mod_pseudo.F90
p_pseudo2D         0000000000412609  mod_random_forcin         448  mod_random_forcing.F90
p_pseudo2D         0000000000417E6F  mod_random_forcin         145  mod_random_forcing.F90
p_pseudo2D         0000000000418058  MAIN__                     33  main_pseudo2D.F90
p_pseudo2D         000000000040C952  Unknown               Unknown  Unknown
libc-2.17.so       00007F5FED216545  __libc_start_main     Unknown  Unknown
p_pseudo2D         000000000040C869  Unknown               Unknown  Unknown
Error on line 21
Finish 27 over 40 members
 start perturbation from random values
forrtl: severe (174): SIGSEGV, segmentation fault occurred
Image              PC                Routine            Line        Source             
p_pseudo2D         0000000000438C43  Unknown               Unknown  Unknown
libpthread-2.17.s  00007F6A4BDC6630  Unknown               Unknown  Unknown
p_pseudo2D         000000000040CED0  mod_pseudo_mp_pse          84  mod_pseudo.F90
p_pseudo2D         0000000000412609  mod_random_forcin         448  mod_random_forcing.F90
p_pseudo2D         0000000000417E6F  mod_random_forcin         145  mod_random_forcing.F90
p_pseudo2D         0000000000418058  MAIN__                     33  main_pseudo2D.F90
p_pseudo2D         000000000040C952  Unknown               Unknown  Unknown
libc-2.17.so       00007F6A4A751545  __libc_start_main     Unknown  Unknown
p_pseudo2D         000000000040C869  Unknown               Unknown  Unknown
Error on line 21
Finish 28 over 40 members
 start perturbation from random values
forrtl: severe (174): SIGSEGV, segmentation fault occurred
Image              PC                Routine            Line        Source             
p_pseudo2D         0000000000438C43  Unknown               Unknown  Unknown
libpthread-2.17.s  00007F81F3892630  Unknown               Unknown  Unknown
p_pseudo2D         000000000040CED0  mod_pseudo_mp_pse          84  mod_pseudo.F90
p_pseudo2D         0000000000412609  mod_random_forcin         448  mod_random_forcing.F90
p_pseudo2D         0000000000417E6F  mod_random_forcin         145  mod_random_forcing.F90
p_pseudo2D         0000000000418058  MAIN__                     33  main_pseudo2D.F90
p_pseudo2D         000000000040C952  Unknown               Unknown  Unknown
libc-2.17.so       00007F81F221D545  __libc_start_main     Unknown  Unknown
p_pseudo2D         000000000040C869  Unknown               Unknown  Unknown
Error on line 21
Finish 29 over 40 members
 start perturbation from random values
forrtl: severe (174): SIGSEGV, segmentation fault occurred
Image              PC                Routine            Line        Source             
p_pseudo2D         0000000000438C43  Unknown               Unknown  Unknown
libpthread-2.17.s  00007FC1064BC630  Unknown               Unknown  Unknown
p_pseudo2D         000000000040CED0  mod_pseudo_mp_pse          84  mod_pseudo.F90
p_pseudo2D         0000000000412609  mod_random_forcin         448  mod_random_forcing.F90
p_pseudo2D         0000000000417E6F  mod_random_forcin         145  mod_random_forcing.F90
p_pseudo2D         0000000000418058  MAIN__                     33  main_pseudo2D.F90
p_pseudo2D         000000000040C952  Unknown               Unknown  Unknown
libc-2.17.so       00007FC104E47545  __libc_start_main     Unknown  Unknown
p_pseudo2D         000000000040C869  Unknown               Unknown  Unknown
Error on line 21
Finish 30 over 40 members
 start perturbation from random values
forrtl: severe (174): SIGSEGV, segmentation fault occurred
Image              PC                Routine            Line        Source             
p_pseudo2D         0000000000438C43  Unknown               Unknown  Unknown
libpthread-2.17.s  00007FB4FB92D630  Unknown               Unknown  Unknown
p_pseudo2D         000000000040CED0  mod_pseudo_mp_pse          84  mod_pseudo.F90
p_pseudo2D         0000000000412609  mod_random_forcin         448  mod_random_forcing.F90
p_pseudo2D         0000000000417E6F  mod_random_forcin         145  mod_random_forcing.F90
p_pseudo2D         0000000000418058  MAIN__                     33  main_pseudo2D.F90
p_pseudo2D         000000000040C952  Unknown               Unknown  Unknown
libc-2.17.so       00007FB4FA2B8545  __libc_start_main     Unknown  Unknown
p_pseudo2D         000000000040C869  Unknown               Unknown  Unknown
Error on line 21
Finish 31 over 40 members
 start perturbation from random values
forrtl: severe (174): SIGSEGV, segmentation fault occurred
Image              PC                Routine            Line        Source             
p_pseudo2D         0000000000438C43  Unknown               Unknown  Unknown
libpthread-2.17.s  00007FF4F3D49630  Unknown               Unknown  Unknown
p_pseudo2D         000000000040CED0  mod_pseudo_mp_pse          84  mod_pseudo.F90
p_pseudo2D         0000000000412609  mod_random_forcin         448  mod_random_forcing.F90
p_pseudo2D         0000000000417E6F  mod_random_forcin         145  mod_random_forcing.F90
p_pseudo2D         0000000000418058  MAIN__                     33  main_pseudo2D.F90
p_pseudo2D         000000000040C952  Unknown               Unknown  Unknown
libc-2.17.so       00007FF4F26D4545  __libc_start_main     Unknown  Unknown
p_pseudo2D         000000000040C869  Unknown               Unknown  Unknown
Error on line 21
Finish 32 over 40 members
 start perturbation from random values
forrtl: severe (174): SIGSEGV, segmentation fault occurred
Image              PC                Routine            Line        Source             
p_pseudo2D         0000000000438C43  Unknown               Unknown  Unknown
libpthread-2.17.s  00007F498DD9D630  Unknown               Unknown  Unknown
p_pseudo2D         000000000040CED0  mod_pseudo_mp_pse          84  mod_pseudo.F90
p_pseudo2D         0000000000412609  mod_random_forcin         448  mod_random_forcing.F90
p_pseudo2D         0000000000417E6F  mod_random_forcin         145  mod_random_forcing.F90
p_pseudo2D         0000000000418058  MAIN__                     33  main_pseudo2D.F90
p_pseudo2D         000000000040C952  Unknown               Unknown  Unknown
libc-2.17.so       00007F498C728545  __libc_start_main     Unknown  Unknown
p_pseudo2D         000000000040C869  Unknown               Unknown  Unknown
Error on line 21
Finish 33 over 40 members
 start perturbation from random values
forrtl: severe (174): SIGSEGV, segmentation fault occurred
Image              PC                Routine            Line        Source             
p_pseudo2D         0000000000438C43  Unknown               Unknown  Unknown
libpthread-2.17.s  00007FCBD29B6630  Unknown               Unknown  Unknown
p_pseudo2D         000000000040CED0  mod_pseudo_mp_pse          84  mod_pseudo.F90
p_pseudo2D         0000000000412609  mod_random_forcin         448  mod_random_forcing.F90
p_pseudo2D         0000000000417E6F  mod_random_forcin         145  mod_random_forcing.F90
p_pseudo2D         0000000000418058  MAIN__                     33  main_pseudo2D.F90
p_pseudo2D         000000000040C952  Unknown               Unknown  Unknown
libc-2.17.so       00007FCBD1341545  __libc_start_main     Unknown  Unknown
p_pseudo2D         000000000040C869  Unknown               Unknown  Unknown
Error on line 21
Finish 34 over 40 members
 start perturbation from random values
forrtl: severe (174): SIGSEGV, segmentation fault occurred
Image              PC                Routine            Line        Source             
p_pseudo2D         0000000000438C43  Unknown               Unknown  Unknown
libpthread-2.17.s  00007FB8BA17E630  Unknown               Unknown  Unknown
p_pseudo2D         000000000040CED0  mod_pseudo_mp_pse          84  mod_pseudo.F90
p_pseudo2D         0000000000412609  mod_random_forcin         448  mod_random_forcing.F90
p_pseudo2D         0000000000417E6F  mod_random_forcin         145  mod_random_forcing.F90
p_pseudo2D         0000000000418058  MAIN__                     33  main_pseudo2D.F90
p_pseudo2D         000000000040C952  Unknown               Unknown  Unknown
libc-2.17.so       00007FB8B8B09545  __libc_start_main     Unknown  Unknown
p_pseudo2D         000000000040C869  Unknown               Unknown  Unknown
Error on line 21
Finish 35 over 40 members
 start perturbation from random values
forrtl: severe (174): SIGSEGV, segmentation fault occurred
Image              PC                Routine            Line        Source             
p_pseudo2D         0000000000438C43  Unknown               Unknown  Unknown
libpthread-2.17.s  00007FD059E8F630  Unknown               Unknown  Unknown
p_pseudo2D         000000000040CED0  mod_pseudo_mp_pse          84  mod_pseudo.F90
p_pseudo2D         0000000000412609  mod_random_forcin         448  mod_random_forcing.F90
p_pseudo2D         0000000000417E6F  mod_random_forcin         145  mod_random_forcing.F90
p_pseudo2D         0000000000418058  MAIN__                     33  main_pseudo2D.F90
p_pseudo2D         000000000040C952  Unknown               Unknown  Unknown
libc-2.17.so       00007FD05881A545  __libc_start_main     Unknown  Unknown
p_pseudo2D         000000000040C869  Unknown               Unknown  Unknown
Error on line 21
Finish 36 over 40 members
 start perturbation from random values
forrtl: severe (174): SIGSEGV, segmentation fault occurred
Image              PC                Routine            Line        Source             
p_pseudo2D         0000000000438C43  Unknown               Unknown  Unknown
libpthread-2.17.s  00007F1E412DF630  Unknown               Unknown  Unknown
p_pseudo2D         000000000040CED0  mod_pseudo_mp_pse          84  mod_pseudo.F90
p_pseudo2D         0000000000412609  mod_random_forcin         448  mod_random_forcing.F90
p_pseudo2D         0000000000417E6F  mod_random_forcin         145  mod_random_forcing.F90
p_pseudo2D         0000000000418058  MAIN__                     33  main_pseudo2D.F90
p_pseudo2D         000000000040C952  Unknown               Unknown  Unknown
libc-2.17.so       00007F1E3FC6A545  __libc_start_main     Unknown  Unknown
p_pseudo2D         000000000040C869  Unknown               Unknown  Unknown
Error on line 21
Finish 37 over 40 members
 start perturbation from random values
forrtl: severe (174): SIGSEGV, segmentation fault occurred
Image              PC                Routine            Line        Source             
p_pseudo2D         0000000000438C43  Unknown               Unknown  Unknown
libpthread-2.17.s  00007FA4056E7630  Unknown               Unknown  Unknown
p_pseudo2D         000000000040CED0  mod_pseudo_mp_pse          84  mod_pseudo.F90
p_pseudo2D         0000000000412609  mod_random_forcin         448  mod_random_forcing.F90
p_pseudo2D         0000000000417E6F  mod_random_forcin         145  mod_random_forcing.F90
p_pseudo2D         0000000000418058  MAIN__                     33  main_pseudo2D.F90
p_pseudo2D         000000000040C952  Unknown               Unknown  Unknown
libc-2.17.so       00007FA404072545  __libc_start_main     Unknown  Unknown
p_pseudo2D         000000000040C869  Unknown               Unknown  Unknown
Error on line 21
Finish 38 over 40 members
 start perturbation from random values
forrtl: severe (174): SIGSEGV, segmentation fault occurred
Image              PC                Routine            Line        Source             
p_pseudo2D         0000000000438C43  Unknown               Unknown  Unknown
libpthread-2.17.s  00007F158164A630  Unknown               Unknown  Unknown
p_pseudo2D         000000000040CED0  mod_pseudo_mp_pse          84  mod_pseudo.F90
p_pseudo2D         0000000000412609  mod_random_forcin         448  mod_random_forcing.F90
p_pseudo2D         0000000000417E6F  mod_random_forcin         145  mod_random_forcing.F90
p_pseudo2D         0000000000418058  MAIN__                     33  main_pseudo2D.F90
p_pseudo2D         000000000040C952  Unknown               Unknown  Unknown
libc-2.17.so       00007F157FFD5545  __libc_start_main     Unknown  Unknown
p_pseudo2D         000000000040C869  Unknown               Unknown  Unknown
Error on line 21
Finish 39 over 40 members
 start perturbation from random values
forrtl: severe (174): SIGSEGV, segmentation fault occurred
Image              PC                Routine            Line        Source             
p_pseudo2D         0000000000438C43  Unknown               Unknown  Unknown
libpthread-2.17.s  00007FD1F8682630  Unknown               Unknown  Unknown
p_pseudo2D         000000000040CED0  mod_pseudo_mp_pse          84  mod_pseudo.F90
p_pseudo2D         0000000000412609  mod_random_forcin         448  mod_random_forcing.F90
p_pseudo2D         0000000000417E6F  mod_random_forcin         145  mod_random_forcing.F90
p_pseudo2D         0000000000418058  MAIN__                     33  main_pseudo2D.F90
p_pseudo2D         000000000040C952  Unknown               Unknown  Unknown
libc-2.17.so       00007FD1F700D545  __libc_start_main     Unknown  Unknown
p_pseudo2D         000000000040C869  Unknown               Unknown  Unknown
Error on line 21
Finish 40 over 40 members
